  Detected *shell* -> treat as single cluster, skip clustering and filtering
File: shell_004.ply, points: 1356924, clusters(raw/filtered): 1/1
  Avg cluster size: 1.35692e+06, filter threshold (factor=0.7): 949847
  - raw cluster 0: size=1356924
  - kept cluster 0: size=1356924
  ✓ saved UOBB: ../output/client_room/floor_1/room_004/diagnostics/filtered_clusters/shell_004/shell_004_cluster_0_uobb.ply
Saved 1/1 filtered clusters to: ../output/client_room/floor_1/room_004/diagnostics/filtered_clusters/shell_004
  Cluster size stats: min=52, max=21918, ratio=421.5, no_filter_ratio=2 -> apply filtering
File: door_004.ply, points: 22088, clusters(raw/filtered): 3/1
  Avg cluster size: 7342.33, filter threshold (factor=0.7): 5139.63
  - raw cluster 0: size=57
  - raw cluster 1: size=52
  - raw cluster 2: size=21918
  - kept cluster 0: size=21918
  ✓ saved UOBB: ../output/client_room/floor_1/room_004/diagnostics/filtered_clusters/door_004/door_004_cluster_0_uobb.ply
Saved 1/1 filtered clusters to: ../output/client_room/floor_1/room_004/diagnostics/filtered_clusters/door_004
  Cluster size stats: min=55, max=84, ratio=1.52727, no_filter_ratio=2 -> skip filtering
File: window_004.ply, points: 139, clusters(raw/filtered): 2/2
  Avg cluster size: 69.5, filter threshold (factor=0.7): 48.65
  - raw cluster 0: size=84
  - raw cluster 1: size=55
  - kept cluster 0: size=84
  - kept cluster 1: size=55
  ✓ saved UOBB: ../output/client_room/floor_1/room_004/diagnostics/filtered_clusters/window_004/window_004_cluster_0_uobb.ply
  ✓ saved UOBB: ../output/client_room/floor_1/room_004/diagnostics/filtered_clusters/window_004/window_004_cluster_1_uobb.ply
Saved 2/2 filtered clusters to: ../output/client_room/floor_1/room_004/diagnostics/filtered_clusters/window_004
