File: couch.ply, points: 213796, clusters(raw/filtered): 11/6
  Avg cluster size: 19340.9, filter threshold (10%): 1934.09
  - raw cluster 0: size=138606
  - raw cluster 1: size=3329
  - raw cluster 2: size=55
  - raw cluster 3: size=32190
  - raw cluster 4: size=31430
  - raw cluster 5: size=3928
  - raw cluster 6: size=2322
  - raw cluster 7: size=476
  - raw cluster 8: size=57
  - raw cluster 9: size=88
  - raw cluster 10: size=269
  - kept cluster 0: size=138606
  - kept cluster 1: size=3329
  - kept cluster 2: size=32190
  - kept cluster 3: size=31430
  - kept cluster 4: size=3928
  - kept cluster 5: size=2322
  ✓ saved: ../output/client_room/diagnostics/filtered_clusters/couch/couch_cluster_0_138606pts.ply
  ✓ saved: ../output/client_room/diagnostics/filtered_clusters/couch/couch_cluster_1_3329pts.ply
  ✓ saved: ../output/client_room/diagnostics/filtered_clusters/couch/couch_cluster_2_32190pts.ply
  ✓ saved: ../output/client_room/diagnostics/filtered_clusters/couch/couch_cluster_3_31430pts.ply
  ✓ saved: ../output/client_room/diagnostics/filtered_clusters/couch/couch_cluster_4_3928pts.ply
  ✓ saved: ../output/client_room/diagnostics/filtered_clusters/couch/couch_cluster_5_2322pts.ply
Saved 6/6 filtered clusters to: ../output/client_room/diagnostics/filtered_clusters/couch
File: room.ply, points: 2536811, clusters(raw/filtered): 55/4
  Avg cluster size: 46046.2, filter threshold (10%): 4604.62
  - raw cluster 0: size=2493191
  - raw cluster 1: size=374
  - raw cluster 2: size=108
  - raw cluster 3: size=312
  - raw cluster 4: size=5476
  - raw cluster 5: size=63
  - raw cluster 6: size=750
  - raw cluster 7: size=146
  - raw cluster 8: size=204
  - raw cluster 9: size=50
  - raw cluster 10: size=452
  - raw cluster 11: size=84
  - raw cluster 12: size=95
  - raw cluster 13: size=196
  - raw cluster 14: size=130
  - raw cluster 15: size=594
  - raw cluster 16: size=1667
  - raw cluster 17: size=530
  - raw cluster 18: size=1408
  - raw cluster 19: size=238
  - raw cluster 20: size=4651
  - raw cluster 21: size=54
  - raw cluster 22: size=1117
  - raw cluster 23: size=521
  - raw cluster 24: size=1344
  - raw cluster 25: size=216
  - raw cluster 26: size=165
  - raw cluster 27: size=72
  - raw cluster 28: size=184
  - raw cluster 29: size=1966
  - raw cluster 30: size=712
  - raw cluster 31: size=460
  - raw cluster 32: size=81
  - raw cluster 33: size=1399
  - raw cluster 34: size=5232
  - raw cluster 35: size=93
  - raw cluster 36: size=145
  - raw cluster 37: size=59
  - raw cluster 38: size=67
  - raw cluster 39: size=216
  - raw cluster 40: size=1284
  - raw cluster 41: size=1251
  - raw cluster 42: size=571
  - raw cluster 43: size=110
  - raw cluster 44: size=81
  - raw cluster 45: size=887
  - raw cluster 46: size=595
  - raw cluster 47: size=130
  - raw cluster 48: size=675
  - raw cluster 49: size=52
  - raw cluster 50: size=57
  - raw cluster 51: size=97
  - raw cluster 52: size=96
  - raw cluster 53: size=521
  - raw cluster 54: size=1313
  - kept cluster 0: size=2493191
  - kept cluster 1: size=5476
  - kept cluster 2: size=4651
  - kept cluster 3: size=5232
  ✓ saved: ../output/client_room/diagnostics/filtered_clusters/room/room_cluster_0_2493191pts.ply
  ✓ saved: ../output/client_room/diagnostics/filtered_clusters/room/room_cluster_1_5476pts.ply
  ✓ saved: ../output/client_room/diagnostics/filtered_clusters/room/room_cluster_2_4651pts.ply
  ✓ saved: ../output/client_room/diagnostics/filtered_clusters/room/room_cluster_3_5232pts.ply
Saved 4/4 filtered clusters to: ../output/client_room/diagnostics/filtered_clusters/room
File: curtain.ply, points: 230327, clusters(raw/filtered): 13/4
  Avg cluster size: 17655.2, filter threshold (10%): 1765.52
  - raw cluster 0: size=75903
  - raw cluster 1: size=81
  - raw cluster 2: size=484
  - raw cluster 3: size=64479
  - raw cluster 4: size=46209
  - raw cluster 5: size=176
  - raw cluster 6: size=41677
  - raw cluster 7: size=59
  - raw cluster 8: size=119
  - raw cluster 9: size=53
  - raw cluster 10: size=67
  - raw cluster 11: size=129
  - raw cluster 12: size=82
  - kept cluster 0: size=75903
  - kept cluster 1: size=64479
  - kept cluster 2: size=46209
  - kept cluster 3: size=41677
  ✓ saved: ../output/client_room/diagnostics/filtered_clusters/curtain/curtain_cluster_0_75903pts.ply
  ✓ saved: ../output/client_room/diagnostics/filtered_clusters/curtain/curtain_cluster_1_64479pts.ply
  ✓ saved: ../output/client_room/diagnostics/filtered_clusters/curtain/curtain_cluster_2_46209pts.ply
  ✓ saved: ../output/client_room/diagnostics/filtered_clusters/curtain/curtain_cluster_3_41677pts.ply
Saved 4/4 filtered clusters to: ../output/client_room/diagnostics/filtered_clusters/curtain
File: lamp.ply, points: 8132, clusters(raw/filtered): 1/1
  Avg cluster size: 8116, filter threshold (10%): 811.6
  - raw cluster 0: size=8116
  - kept cluster 0: size=8116
  ✓ saved: ../output/client_room/diagnostics/filtered_clusters/lamp/lamp_cluster_0_8116pts.ply
Saved 1/1 filtered clusters to: ../output/client_room/diagnostics/filtered_clusters/lamp
File: table.ply, points: 56011, clusters(raw/filtered): 6/3
  Avg cluster size: 9312, filter threshold (10%): 931.2
  - raw cluster 0: size=26351
  - raw cluster 1: size=22438
  - raw cluster 2: size=6142
  - raw cluster 3: size=814
  - raw cluster 4: size=64
  - raw cluster 5: size=63
  - kept cluster 0: size=26351
  - kept cluster 1: size=22438
  - kept cluster 2: size=6142
  ✓ saved: ../output/client_room/diagnostics/filtered_clusters/table/table_cluster_0_26351pts.ply
  ✓ saved: ../output/client_room/diagnostics/filtered_clusters/table/table_cluster_1_22438pts.ply
  ✓ saved: ../output/client_room/diagnostics/filtered_clusters/table/table_cluster_2_6142pts.ply
Saved 3/3 filtered clusters to: ../output/client_room/diagnostics/filtered_clusters/table
File: door.ply, points: 296421, clusters(raw/filtered): 23/6
  Avg cluster size: 12861.3, filter threshold (10%): 1286.13
  - raw cluster 0: size=171593
  - raw cluster 1: size=70
  - raw cluster 2: size=1358
  - raw cluster 3: size=3301
  - raw cluster 4: size=57818
  - raw cluster 5: size=168
  - raw cluster 6: size=49760
  - raw cluster 7: size=90
  - raw cluster 8: size=139
  - raw cluster 9: size=70
  - raw cluster 10: size=515
  - raw cluster 11: size=137
  - raw cluster 12: size=50
  - raw cluster 13: size=8789
  - raw cluster 14: size=942
  - raw cluster 15: size=87
  - raw cluster 16: size=364
  - raw cluster 17: size=54
  - raw cluster 18: size=104
  - raw cluster 19: size=86
  - raw cluster 20: size=72
  - raw cluster 21: size=172
  - raw cluster 22: size=70
  - kept cluster 0: size=171593
  - kept cluster 1: size=1358
  - kept cluster 2: size=3301
  - kept cluster 3: size=57818
  - kept cluster 4: size=49760
  - kept cluster 5: size=8789
  ✓ saved: ../output/client_room/diagnostics/filtered_clusters/door/door_cluster_0_171593pts.ply
  ✓ saved: ../output/client_room/diagnostics/filtered_clusters/door/door_cluster_1_1358pts.ply
  ✓ saved: ../output/client_room/diagnostics/filtered_clusters/door/door_cluster_2_3301pts.ply
  ✓ saved: ../output/client_room/diagnostics/filtered_clusters/door/door_cluster_3_57818pts.ply
  ✓ saved: ../output/client_room/diagnostics/filtered_clusters/door/door_cluster_4_49760pts.ply
  ✓ saved: ../output/client_room/diagnostics/filtered_clusters/door/door_cluster_5_8789pts.ply
Saved 6/6 filtered clusters to: ../output/client_room/diagnostics/filtered_clusters/door
File: window.ply, points: 257954, clusters(raw/filtered): 29/10
  Avg cluster size: 8863.41, filter threshold (10%): 886.341
  - raw cluster 0: size=1350
  - raw cluster 1: size=19556
  - raw cluster 2: size=86557
  - raw cluster 3: size=292
  - raw cluster 4: size=3974
  - raw cluster 5: size=201
  - raw cluster 6: size=22289
  - raw cluster 7: size=80580
  - raw cluster 8: size=94
  - raw cluster 9: size=28366
  - raw cluster 10: size=103
  - raw cluster 11: size=73
  - raw cluster 12: size=108
  - raw cluster 13: size=4957
  - raw cluster 14: size=2542
  - raw cluster 15: size=56
  - raw cluster 16: size=608
  - raw cluster 17: size=3195
  - raw cluster 18: size=253
  - raw cluster 19: size=464
  - raw cluster 20: size=70
  - raw cluster 21: size=324
  - raw cluster 22: size=289
  - raw cluster 23: size=73
  - raw cluster 24: size=107
  - raw cluster 25: size=113
  - raw cluster 26: size=106
  - raw cluster 27: size=73
  - raw cluster 28: size=266
  - kept cluster 0: size=1350
  - kept cluster 1: size=19556
  - kept cluster 2: size=86557
  - kept cluster 3: size=3974
  - kept cluster 4: size=22289
  - kept cluster 5: size=80580
  - kept cluster 6: size=28366
  - kept cluster 7: size=4957
  - kept cluster 8: size=2542
  - kept cluster 9: size=3195
  ✓ saved: ../output/client_room/diagnostics/filtered_clusters/window/window_cluster_0_1350pts.ply
  ✓ saved: ../output/client_room/diagnostics/filtered_clusters/window/window_cluster_1_19556pts.ply
  ✓ saved: ../output/client_room/diagnostics/filtered_clusters/window/window_cluster_2_86557pts.ply
  ✓ saved: ../output/client_room/diagnostics/filtered_clusters/window/window_cluster_3_3974pts.ply
  ✓ saved: ../output/client_room/diagnostics/filtered_clusters/window/window_cluster_4_22289pts.ply
  ✓ saved: ../output/client_room/diagnostics/filtered_clusters/window/window_cluster_5_80580pts.ply
  ✓ saved: ../output/client_room/diagnostics/filtered_clusters/window/window_cluster_6_28366pts.ply
  ✓ saved: ../output/client_room/diagnostics/filtered_clusters/window/window_cluster_7_4957pts.ply
  ✓ saved: ../output/client_room/diagnostics/filtered_clusters/window/window_cluster_8_2542pts.ply
  ✓ saved: ../output/client_room/diagnostics/filtered_clusters/window/window_cluster_9_3195pts.ply
Saved 10/10 filtered clusters to: ../output/client_room/diagnostics/filtered_clusters/window
