  Detected *shell* -> treat as single cluster, skip clustering and filtering
File: shell_003.ply, points: 1906758, shell -> skip clustering/filtering
  ✓ saved UOBB: output/floor_1/room_003/results/shell/shell_003/1-3-0_shell_uobb.ply
  ✓ copied shell PLY: output/floor_1/room_003/results/shell/shell_003/1-3-0_shell.ply
Saved 1/1 shell UOBB to: output/floor_1/room_003/results/shell/shell_003
  Cluster size stats: min=57, max=60319, ratio=1058.23, no_filter_ratio=2 -> apply filtering
File: combined_003.ply, points: 114733, clusters(raw/filtered): 11/3
  Avg cluster size: 10424.3, filter threshold (factor=0.7): 7296.99
  - raw cluster 0: size=24759
  - raw cluster 1: size=4372
  - raw cluster 2: size=89
  - raw cluster 3: size=146
  - raw cluster 4: size=1399
  - raw cluster 5: size=494
  - raw cluster 6: size=84
  - raw cluster 7: size=60319
  - raw cluster 8: size=57
  - raw cluster 9: size=22869
  - raw cluster 10: size=79
  - kept cluster 0: size=24759
  - kept cluster 1: size=60319
  - kept cluster 2: size=22869
  ✓ saved UOBB: output/floor_1/room_003/results/filtered_clusters/combined_003/1-3-1_combined_uobb.ply
  ✓ saved cluster PLY: output/floor_1/room_003/results/filtered_clusters/combined_003/1-3-1_combined_cluster.ply
  ✓ saved UOBB: output/floor_1/room_003/results/filtered_clusters/combined_003/1-3-2_combined_uobb.ply
  ✓ saved cluster PLY: output/floor_1/room_003/results/filtered_clusters/combined_003/1-3-2_combined_cluster.ply
  ✓ saved UOBB: output/floor_1/room_003/results/filtered_clusters/combined_003/1-3-3_combined_uobb.ply
  ✓ saved cluster PLY: output/floor_1/room_003/results/filtered_clusters/combined_003/1-3-3_combined_cluster.ply
Saved 3/3 filtered clusters to: output/floor_1/room_003/results/filtered_clusters/combined_003
  Cluster size stats: min=82, max=9869, ratio=120.354, no_filter_ratio=2 -> apply filtering
File: floor_003.ply, points: 10175, clusters(raw/filtered): 3/1
  Avg cluster size: 3351, filter threshold (factor=0.7): 2345.7
  - raw cluster 0: size=9869
  - raw cluster 1: size=82
  - raw cluster 2: size=102
  - kept cluster 0: size=9869
  ✓ saved UOBB: output/floor_1/room_003/results/filtered_clusters/floor_003/1-3-4_floor_uobb.ply
  ✓ saved cluster PLY: output/floor_1/room_003/results/filtered_clusters/floor_003/1-3-4_floor_cluster.ply
Saved 1/1 filtered clusters to: output/floor_1/room_003/results/filtered_clusters/floor_003
  Cluster size stats: min=59, max=355794, ratio=6030.41, no_filter_ratio=2 -> apply filtering
File: ceiling_003.ply, points: 757541, clusters(raw/filtered): 12/4
  Avg cluster size: 63110.4, filter threshold (factor=0.7): 44177.3
  - raw cluster 0: size=355794
  - raw cluster 1: size=150
  - raw cluster 2: size=1396
  - raw cluster 3: size=165
  - raw cluster 4: size=53530
  - raw cluster 5: size=75326
  - raw cluster 6: size=233614
  - raw cluster 7: size=59
  - raw cluster 8: size=23166
  - raw cluster 9: size=11178
  - raw cluster 10: size=540
  - raw cluster 11: size=2407
  - kept cluster 0: size=355794
  - kept cluster 1: size=53530
  - kept cluster 2: size=75326
  - kept cluster 3: size=233614
  ✓ saved UOBB: output/floor_1/room_003/results/filtered_clusters/ceiling_003/1-3-5_ceiling_uobb.ply
  ✓ saved cluster PLY: output/floor_1/room_003/results/filtered_clusters/ceiling_003/1-3-5_ceiling_cluster.ply
  ✓ saved UOBB: output/floor_1/room_003/results/filtered_clusters/ceiling_003/1-3-6_ceiling_uobb.ply
  ✓ saved cluster PLY: output/floor_1/room_003/results/filtered_clusters/ceiling_003/1-3-6_ceiling_cluster.ply
  ✓ saved UOBB: output/floor_1/room_003/results/filtered_clusters/ceiling_003/1-3-7_ceiling_uobb.ply
  ✓ saved cluster PLY: output/floor_1/room_003/results/filtered_clusters/ceiling_003/1-3-7_ceiling_cluster.ply
  ✓ saved UOBB: output/floor_1/room_003/results/filtered_clusters/ceiling_003/1-3-8_ceiling_uobb.ply
  ✓ saved cluster PLY: output/floor_1/room_003/results/filtered_clusters/ceiling_003/1-3-8_ceiling_cluster.ply
Saved 4/4 filtered clusters to: output/floor_1/room_003/results/filtered_clusters/ceiling_003
  Cluster size stats: min=353, max=22922, ratio=64.9348, no_filter_ratio=2 -> apply filtering
File: walls_003.ply, points: 135836, clusters(raw/filtered): 14/9
  Avg cluster size: 9701.86, filter threshold (factor=0.7): 6791.3
  - raw cluster 0: size=15318
  - raw cluster 1: size=14198
  - raw cluster 2: size=15078
  - raw cluster 3: size=12492
  - raw cluster 4: size=8800
  - raw cluster 5: size=1077
  - raw cluster 6: size=22922
  - raw cluster 7: size=19880
  - raw cluster 8: size=391
  - raw cluster 9: size=5915
  - raw cluster 10: size=7564
  - raw cluster 11: size=353
  - raw cluster 12: size=1372
  - raw cluster 13: size=10466
  - kept cluster 0: size=15318
  - kept cluster 1: size=14198
  - kept cluster 2: size=15078
  - kept cluster 3: size=12492
  - kept cluster 4: size=8800
  - kept cluster 5: size=22922
  - kept cluster 6: size=19880
  - kept cluster 7: size=7564
  - kept cluster 8: size=10466
  ✓ saved UOBB: output/floor_1/room_003/results/filtered_clusters/walls_003/1-3-9_walls_uobb.ply
  ✓ saved cluster PLY: output/floor_1/room_003/results/filtered_clusters/walls_003/1-3-9_walls_cluster.ply
  ✓ saved UOBB: output/floor_1/room_003/results/filtered_clusters/walls_003/1-3-10_walls_uobb.ply
  ✓ saved cluster PLY: output/floor_1/room_003/results/filtered_clusters/walls_003/1-3-10_walls_cluster.ply
  ✓ saved UOBB: output/floor_1/room_003/results/filtered_clusters/walls_003/1-3-11_walls_uobb.ply
  ✓ saved cluster PLY: output/floor_1/room_003/results/filtered_clusters/walls_003/1-3-11_walls_cluster.ply
  ✓ saved UOBB: output/floor_1/room_003/results/filtered_clusters/walls_003/1-3-12_walls_uobb.ply
  ✓ saved cluster PLY: output/floor_1/room_003/results/filtered_clusters/walls_003/1-3-12_walls_cluster.ply
  ✓ saved UOBB: output/floor_1/room_003/results/filtered_clusters/walls_003/1-3-13_walls_uobb.ply
  ✓ saved cluster PLY: output/floor_1/room_003/results/filtered_clusters/walls_003/1-3-13_walls_cluster.ply
  ✓ saved UOBB: output/floor_1/room_003/results/filtered_clusters/walls_003/1-3-14_walls_uobb.ply
  ✓ saved cluster PLY: output/floor_1/room_003/results/filtered_clusters/walls_003/1-3-14_walls_cluster.ply
  ✓ saved UOBB: output/floor_1/room_003/results/filtered_clusters/walls_003/1-3-15_walls_uobb.ply
  ✓ saved cluster PLY: output/floor_1/room_003/results/filtered_clusters/walls_003/1-3-15_walls_cluster.ply
  ✓ saved UOBB: output/floor_1/room_003/results/filtered_clusters/walls_003/1-3-16_walls_uobb.ply
  ✓ saved cluster PLY: output/floor_1/room_003/results/filtered_clusters/walls_003/1-3-16_walls_cluster.ply
  ✓ saved UOBB: output/floor_1/room_003/results/filtered_clusters/walls_003/1-3-17_walls_uobb.ply
  ✓ saved cluster PLY: output/floor_1/room_003/results/filtered_clusters/walls_003/1-3-17_walls_cluster.ply
Saved 9/9 filtered clusters to: output/floor_1/room_003/results/filtered_clusters/walls_003
  Cluster size stats: min=57, max=60319, ratio=1058.23, no_filter_ratio=2 -> apply filtering
File: door_003.ply, points: 83361, clusters(raw/filtered): 4/2
  Avg cluster size: 20831, filter threshold (factor=0.7): 14581.7
  - raw cluster 0: size=60319
  - raw cluster 1: size=57
  - raw cluster 2: size=22869
  - raw cluster 3: size=79
  - kept cluster 0: size=60319
  - kept cluster 1: size=22869
  ✓ saved UOBB: output/floor_1/room_003/results/filtered_clusters/door_003/1-3-18_door_uobb.ply
  ✓ saved cluster PLY: output/floor_1/room_003/results/filtered_clusters/door_003/1-3-18_door_cluster.ply
  ✓ saved UOBB: output/floor_1/room_003/results/filtered_clusters/door_003/1-3-19_door_uobb.ply
  ✓ saved cluster PLY: output/floor_1/room_003/results/filtered_clusters/door_003/1-3-19_door_cluster.ply
Saved 2/2 filtered clusters to: output/floor_1/room_003/results/filtered_clusters/door_003
  Cluster size stats: min=55, max=84, ratio=1.52727, no_filter_ratio=2 -> skip filtering
File: window_003.ply, points: 139, clusters(raw/filtered): 2/2
  Avg cluster size: 69.5, filter threshold (factor=0.7): 48.65
  - raw cluster 0: size=84
  - raw cluster 1: size=55
  - kept cluster 0: size=84
  - kept cluster 1: size=55
  ✓ saved UOBB: output/floor_1/room_003/results/filtered_clusters/window_003/1-3-20_window_uobb.ply
  ✓ saved cluster PLY: output/floor_1/room_003/results/filtered_clusters/window_003/1-3-20_window_cluster.ply
  ✓ saved UOBB: output/floor_1/room_003/results/filtered_clusters/window_003/1-3-21_window_uobb.ply
  ✓ saved cluster PLY: output/floor_1/room_003/results/filtered_clusters/window_003/1-3-21_window_cluster.ply
Saved 2/2 filtered clusters to: output/floor_1/room_003/results/filtered_clusters/window_003
