  Detected *shell* -> treat as single cluster, skip clustering and filtering
File: shell_002.ply, points: 2034260, shell -> skip clustering/filtering
  ✓ saved UOBB: ./output/full_house/floor_1/room_002/results/shell/shell_002/1-2-0_shell_uobb.ply
Saved 1/1 shell UOBB to: ./output/full_house/floor_1/room_002/results/shell/shell_002
  Cluster size stats: min=11480, max=11480, ratio=1, no_filter_ratio=2 -> skip filtering
File: chair_002.ply, points: 11490, clusters(raw/filtered): 1/1
  Avg cluster size: 11480, filter threshold (factor=0.7): 8036
  - raw cluster 0: size=11480
  - kept cluster 0: size=11480
  ✓ saved UOBB: ./output/full_house/floor_1/room_002/results/filtered_clusters/chair_002/1-2-1_chair_uobb.ply
  ✓ saved cluster PLY: ./output/full_house/floor_1/room_002/results/filtered_clusters/chair_002/1-2-1_chair_cluster.ply
Saved 1/1 filtered clusters to: ./output/full_house/floor_1/room_002/results/filtered_clusters/chair_002
  Cluster size stats: min=54, max=30171, ratio=558.722, no_filter_ratio=2 -> apply filtering
File: door_002.ply, points: 57913, clusters(raw/filtered): 8/2
  Avg cluster size: 7238.88, filter threshold (factor=0.7): 5067.21
  - raw cluster 0: size=30171
  - raw cluster 1: size=54
  - raw cluster 2: size=2935
  - raw cluster 3: size=1002
  - raw cluster 4: size=869
  - raw cluster 5: size=55
  - raw cluster 6: size=22595
  - raw cluster 7: size=230
  - kept cluster 0: size=30171
  - kept cluster 1: size=22595
  ✓ saved UOBB: ./output/full_house/floor_1/room_002/results/filtered_clusters/door_002/1-2-2_door_uobb.ply
  ✓ saved cluster PLY: ./output/full_house/floor_1/room_002/results/filtered_clusters/door_002/1-2-2_door_cluster.ply
  ✓ saved UOBB: ./output/full_house/floor_1/room_002/results/filtered_clusters/door_002/1-2-3_door_uobb.ply
  ✓ saved cluster PLY: ./output/full_house/floor_1/room_002/results/filtered_clusters/door_002/1-2-3_door_cluster.ply
Saved 2/2 filtered clusters to: ./output/full_house/floor_1/room_002/results/filtered_clusters/door_002
  Cluster size stats: min=2224, max=3187, ratio=1.433, no_filter_ratio=2 -> skip filtering
File: window_002.ply, points: 5428, clusters(raw/filtered): 2/2
  Avg cluster size: 2705.5, filter threshold (factor=0.7): 1893.85
  - raw cluster 0: size=3187
  - raw cluster 1: size=2224
  - kept cluster 0: size=3187
  - kept cluster 1: size=2224
  ✓ saved UOBB: ./output/full_house/floor_1/room_002/results/filtered_clusters/window_002/1-2-4_window_uobb.ply
  ✓ saved cluster PLY: ./output/full_house/floor_1/room_002/results/filtered_clusters/window_002/1-2-4_window_cluster.ply
  ✓ saved UOBB: ./output/full_house/floor_1/room_002/results/filtered_clusters/window_002/1-2-5_window_uobb.ply
  ✓ saved cluster PLY: ./output/full_house/floor_1/room_002/results/filtered_clusters/window_002/1-2-5_window_cluster.ply
Saved 2/2 filtered clusters to: ./output/full_house/floor_1/room_002/results/filtered_clusters/window_002
