  Detected *shell* -> treat as single cluster, skip clustering and filtering
File: shell_002.ply, points: 2034260, clusters(raw/filtered): 1/1
  Avg cluster size: 2.03426e+06, filter threshold (factor=0.7): 1.42398e+06
  - raw cluster 0: size=2034260
  - kept cluster 0: size=2034260
  ✓ saved UOBB: ../output/client_room/floor_1/room_002/diagnostics/filtered_clusters/shell_002/shell_002_cluster_0_uobb.ply
Saved 1/1 filtered clusters to: ../output/client_room/floor_1/room_002/diagnostics/filtered_clusters/shell_002
  Cluster size stats: min=11406, max=11406, ratio=1, no_filter_ratio=2 -> skip filtering
File: chair_002.ply, points: 11490, clusters(raw/filtered): 1/1
  Avg cluster size: 11406, filter threshold (factor=0.7): 7984.2
  - raw cluster 0: size=11406
  - kept cluster 0: size=11406
  ✓ saved UOBB: ../output/client_room/floor_1/room_002/diagnostics/filtered_clusters/chair_002/chair_002_cluster_0_uobb.ply
Saved 1/1 filtered clusters to: ../output/client_room/floor_1/room_002/diagnostics/filtered_clusters/chair_002
  Cluster size stats: min=54, max=30116, ratio=557.704, no_filter_ratio=2 -> apply filtering
File: door_002.ply, points: 57913, clusters(raw/filtered): 9/2
  Avg cluster size: 6420.33, filter threshold (factor=0.7): 4494.23
  - raw cluster 0: size=30116
  - raw cluster 1: size=54
  - raw cluster 2: size=2935
  - raw cluster 3: size=947
  - raw cluster 4: size=852
  - raw cluster 5: size=55
  - raw cluster 6: size=117
  - raw cluster 7: size=22477
  - raw cluster 8: size=230
  - kept cluster 0: size=30116
  - kept cluster 1: size=22477
  ✓ saved UOBB: ../output/client_room/floor_1/room_002/diagnostics/filtered_clusters/door_002/door_002_cluster_0_uobb.ply
  ✓ saved UOBB: ../output/client_room/floor_1/room_002/diagnostics/filtered_clusters/door_002/door_002_cluster_1_uobb.ply
Saved 2/2 filtered clusters to: ../output/client_room/floor_1/room_002/diagnostics/filtered_clusters/door_002
  Cluster size stats: min=55, max=3141, ratio=57.1091, no_filter_ratio=2 -> apply filtering
File: window_002.ply, points: 5428, clusters(raw/filtered): 4/2
  Avg cluster size: 1334.25, filter threshold (factor=0.7): 933.975
  - raw cluster 0: size=3141
  - raw cluster 1: size=1565
  - raw cluster 2: size=576
  - raw cluster 3: size=55
  - kept cluster 0: size=3141
  - kept cluster 1: size=1565
  ✓ saved UOBB: ../output/client_room/floor_1/room_002/diagnostics/filtered_clusters/window_002/window_002_cluster_0_uobb.ply
  ✓ saved UOBB: ../output/client_room/floor_1/room_002/diagnostics/filtered_clusters/window_002/window_002_cluster_1_uobb.ply
Saved 2/2 filtered clusters to: ../output/client_room/floor_1/room_002/diagnostics/filtered_clusters/window_002
