  Detected *shell* -> treat as single cluster, skip clustering and filtering
File: shell_007.ply, points: 867680, shell -> skip clustering/filtering
  ✓ saved UOBB: output/Full House/floor_1/room_007/results/shell/shell_007/1-7-0_shell_uobb.ply
  ✓ copied shell PLY: output/Full House/floor_1/room_007/results/shell/shell_007/1-7-0_shell.ply
Saved 1/1 shell UOBB to: output/Full House/floor_1/room_007/results/shell/shell_007
  Cluster size stats: min=166, max=166, ratio=1, no_filter_ratio=2 -> skip filtering
File: window_007.ply, points: 166, clusters(raw/filtered): 1/1
  Avg cluster size: 166, filter threshold (factor=0.7): 116.2
  - raw cluster 0: size=166
  - kept cluster 0: size=166
  ✓ saved UOBB: output/Full House/floor_1/room_007/results/filtered_clusters/window_007/1-7-1_window_uobb.ply
  ✓ saved cluster PLY: output/Full House/floor_1/room_007/results/filtered_clusters/window_007/1-7-1_window_cluster.ply
Saved 1/1 filtered clusters to: output/Full House/floor_1/room_007/results/filtered_clusters/window_007
  Cluster size stats: min=4951, max=9680, ratio=1.95516, no_filter_ratio=2 -> skip filtering
File: door_007.ply, points: 20837, clusters(raw/filtered): 3/3
  Avg cluster size: 6931, filter threshold (factor=0.7): 4851.7
  - raw cluster 0: size=6162
  - raw cluster 1: size=4951
  - raw cluster 2: size=9680
  - kept cluster 0: size=6162
  - kept cluster 1: size=4951
  - kept cluster 2: size=9680
  ✓ saved UOBB: output/Full House/floor_1/room_007/results/filtered_clusters/door_007/1-7-2_door_uobb.ply
  ✓ saved cluster PLY: output/Full House/floor_1/room_007/results/filtered_clusters/door_007/1-7-2_door_cluster.ply
  ✓ saved UOBB: output/Full House/floor_1/room_007/results/filtered_clusters/door_007/1-7-3_door_uobb.ply
  ✓ saved cluster PLY: output/Full House/floor_1/room_007/results/filtered_clusters/door_007/1-7-3_door_cluster.ply
  ✓ saved UOBB: output/Full House/floor_1/room_007/results/filtered_clusters/door_007/1-7-4_door_uobb.ply
  ✓ saved cluster PLY: output/Full House/floor_1/room_007/results/filtered_clusters/door_007/1-7-4_door_cluster.ply
Saved 3/3 filtered clusters to: output/Full House/floor_1/room_007/results/filtered_clusters/door_007
