  Detected *shell* -> treat as single cluster, skip clustering and filtering
File: shell_005.ply, points: 464010, shell -> skip clustering/filtering
  ✓ saved UOBB: ../output/client_room/floor_0/room_005/diagnostics/shell/shell_005/shell_005_cluster_0_uobb.ply
Saved 1/1 shell UOBB to: ../output/client_room/floor_0/room_005/diagnostics/shell/shell_005
  Cluster size stats: min=264, max=28186, ratio=106.765, no_filter_ratio=2 -> apply filtering
File: door_005.ply, points: 40424, clusters(raw/filtered): 7/3
  Avg cluster size: 5767.71, filter threshold (factor=0.7): 4037.4
  - raw cluster 0: size=4543
  - raw cluster 1: size=1358
  - raw cluster 2: size=479
  - raw cluster 3: size=653
  - raw cluster 4: size=28186
  - raw cluster 5: size=4891
  - raw cluster 6: size=264
  - kept cluster 0: size=4543
  - kept cluster 1: size=28186
  - kept cluster 2: size=4891
  ✓ saved UOBB: ../output/client_room/floor_0/room_005/diagnostics/filtered_clusters/door_005/door_005_cluster_0_uobb.ply
  ✓ saved cluster PLY: ../output/client_room/floor_0/room_005/diagnostics/filtered_clusters/door_005/door_005_cluster_0.ply
  ✓ saved UOBB: ../output/client_room/floor_0/room_005/diagnostics/filtered_clusters/door_005/door_005_cluster_1_uobb.ply
  ✓ saved cluster PLY: ../output/client_room/floor_0/room_005/diagnostics/filtered_clusters/door_005/door_005_cluster_1.ply
  ✓ saved UOBB: ../output/client_room/floor_0/room_005/diagnostics/filtered_clusters/door_005/door_005_cluster_2_uobb.ply
  ✓ saved cluster PLY: ../output/client_room/floor_0/room_005/diagnostics/filtered_clusters/door_005/door_005_cluster_2.ply
Saved 3/3 filtered clusters to: ../output/client_room/floor_0/room_005/diagnostics/filtered_clusters/door_005
