  Detected *shell* -> treat as single cluster, skip clustering and filtering
File: shell_006.ply, points: 1932541, shell -> skip clustering/filtering
  ✓ saved UOBB: output/Full House/floor_0/room_006/results/shell/shell_006/0-6-0_shell_uobb.ply
  ✓ copied shell PLY: output/Full House/floor_0/room_006/results/shell/shell_006/0-6-0_shell.ply
Saved 1/1 shell UOBB to: output/Full House/floor_0/room_006/results/shell/shell_006
  Cluster size stats: min=52, max=42613, ratio=819.481, no_filter_ratio=2 -> apply filtering
File: window_006.ply, points: 46403, clusters(raw/filtered): 6/1
  Avg cluster size: 7723.83, filter threshold (factor=0.7): 5406.68
  - raw cluster 0: size=906
  - raw cluster 1: size=42613
  - raw cluster 2: size=1611
  - raw cluster 3: size=74
  - raw cluster 4: size=1087
  - raw cluster 5: size=52
  - kept cluster 0: size=42613
  ✓ saved UOBB: output/Full House/floor_0/room_006/results/filtered_clusters/window_006/0-6-1_window_uobb.ply
  ✓ saved cluster PLY: output/Full House/floor_0/room_006/results/filtered_clusters/window_006/0-6-1_window_cluster.ply
Saved 1/1 filtered clusters to: output/Full House/floor_0/room_006/results/filtered_clusters/window_006
  Cluster size stats: min=21765, max=186484, ratio=8.56807, no_filter_ratio=2 -> apply filtering
File: door_006.ply, points: 269476, clusters(raw/filtered): 3/1
  Avg cluster size: 89817.7, filter threshold (factor=0.7): 62872.4
  - raw cluster 0: size=61204
  - raw cluster 1: size=21765
  - raw cluster 2: size=186484
  - kept cluster 0: size=186484
  ✓ saved UOBB: output/Full House/floor_0/room_006/results/filtered_clusters/door_006/0-6-2_door_uobb.ply
  ✓ saved cluster PLY: output/Full House/floor_0/room_006/results/filtered_clusters/door_006/0-6-2_door_cluster.ply
Saved 1/1 filtered clusters to: output/Full House/floor_0/room_006/results/filtered_clusters/door_006
File: curtain_006.ply, points: 11, clusters(raw/filtered): 0/0
  Avg cluster size: 0, filter threshold (factor=0.7): 0
Saved 0/0 filtered clusters to: output/Full House/floor_0/room_006/results/filtered_clusters/curtain_006
