  Detected *shell* -> treat as single cluster, skip clustering and filtering
File: shell_004.ply, points: 248895, shell -> skip clustering/filtering
  ✓ saved UOBB: output/Full House/floor_0/room_004/results/shell/shell_004/0-4-0_shell_uobb.ply
  ✓ copied shell PLY: output/Full House/floor_0/room_004/results/shell/shell_004/0-4-0_shell.ply
Saved 1/1 shell UOBB to: output/Full House/floor_0/room_004/results/shell/shell_004
  Cluster size stats: min=1113, max=1113, ratio=1, no_filter_ratio=2 -> skip filtering
File: table_004.ply, points: 1148, clusters(raw/filtered): 1/1
  Avg cluster size: 1113, filter threshold (factor=0.7): 779.1
  - raw cluster 0: size=1113
  - kept cluster 0: size=1113
  ✓ saved UOBB: output/Full House/floor_0/room_004/results/filtered_clusters/table_004/0-4-1_table_uobb.ply
  ✓ saved cluster PLY: output/Full House/floor_0/room_004/results/filtered_clusters/table_004/0-4-1_table_cluster.ply
Saved 1/1 filtered clusters to: output/Full House/floor_0/room_004/results/filtered_clusters/table_004
  Cluster size stats: min=122, max=40618, ratio=332.934, no_filter_ratio=2 -> apply filtering
File: door_004.ply, points: 40747, clusters(raw/filtered): 2/1
  Avg cluster size: 20370, filter threshold (factor=0.7): 14259
  - raw cluster 0: size=40618
  - raw cluster 1: size=122
  - kept cluster 0: size=40618
  ✓ saved UOBB: output/Full House/floor_0/room_004/results/filtered_clusters/door_004/0-4-2_door_uobb.ply
  ✓ saved cluster PLY: output/Full House/floor_0/room_004/results/filtered_clusters/door_004/0-4-2_door_cluster.ply
Saved 1/1 filtered clusters to: output/Full House/floor_0/room_004/results/filtered_clusters/door_004
  Cluster size stats: min=680, max=680, ratio=1, no_filter_ratio=2 -> skip filtering
File: window_004.ply, points: 691, clusters(raw/filtered): 1/1
  Avg cluster size: 680, filter threshold (factor=0.7): 476
  - raw cluster 0: size=680
  - kept cluster 0: size=680
  ✓ saved UOBB: output/Full House/floor_0/room_004/results/filtered_clusters/window_004/0-4-3_window_uobb.ply
  ✓ saved cluster PLY: output/Full House/floor_0/room_004/results/filtered_clusters/window_004/0-4-3_window_cluster.ply
Saved 1/1 filtered clusters to: output/Full House/floor_0/room_004/results/filtered_clusters/window_004
