  Detected *shell* -> treat as single cluster, skip clustering and filtering
File: shell_001.ply, points: 1503866, shell -> skip clustering/filtering
  ✓ saved UOBB: ../output/client_room/floor_1/room_001/diagnostics/shell/shell_001/shell_001_cluster_0_uobb.ply
Saved 1/1 shell UOBB to: ../output/client_room/floor_1/room_001/diagnostics/shell/shell_001
  Cluster size stats: min=52, max=5370, ratio=103.269, no_filter_ratio=2 -> apply filtering
File: window_001.ply, points: 8516, clusters(raw/filtered): 5/2
  Avg cluster size: 1682, filter threshold (factor=0.7): 1177.4
  - raw cluster 0: size=238
  - raw cluster 1: size=2563
  - raw cluster 2: size=187
  - raw cluster 3: size=5370
  - raw cluster 4: size=52
  - kept cluster 0: size=2563
  - kept cluster 1: size=5370
  ✓ saved UOBB: ../output/client_room/floor_1/room_001/diagnostics/filtered_clusters/window_001/window_001_cluster_0_uobb.ply
  ✓ saved cluster PLY: ../output/client_room/floor_1/room_001/diagnostics/filtered_clusters/window_001/window_001_cluster_0.ply
  ✓ saved UOBB: ../output/client_room/floor_1/room_001/diagnostics/filtered_clusters/window_001/window_001_cluster_1_uobb.ply
  ✓ saved cluster PLY: ../output/client_room/floor_1/room_001/diagnostics/filtered_clusters/window_001/window_001_cluster_1.ply
Saved 2/2 filtered clusters to: ../output/client_room/floor_1/room_001/diagnostics/filtered_clusters/window_001
  Cluster size stats: min=4842, max=76544, ratio=15.8083, no_filter_ratio=2 -> apply filtering
File: door_001.ply, points: 89185, clusters(raw/filtered): 3/1
  Avg cluster size: 29728.3, filter threshold (factor=0.7): 20809.8
  - raw cluster 0: size=76544
  - raw cluster 1: size=7799
  - raw cluster 2: size=4842
  - kept cluster 0: size=76544
  ✓ saved UOBB: ../output/client_room/floor_1/room_001/diagnostics/filtered_clusters/door_001/door_001_cluster_0_uobb.ply
  ✓ saved cluster PLY: ../output/client_room/floor_1/room_001/diagnostics/filtered_clusters/door_001/door_001_cluster_0.ply
Saved 1/1 filtered clusters to: ../output/client_room/floor_1/room_001/diagnostics/filtered_clusters/door_001
