  Cluster size stats: min=508, max=508, ratio=1, no_filter_ratio=2 -> skip filtering
File: table_006.ply, points: 508, clusters(raw/filtered): 1/1
  Avg cluster size: 508, filter threshold (factor=0.7): 355.6
  - raw cluster 0: size=508
  - kept cluster 0: size=508
  ✓ saved UOBB: ./output/full_house/floor_1/room_006/results/filtered_clusters/table_006/1-6-0_table_uobb.ply
  ✓ saved cluster PLY: ./output/full_house/floor_1/room_006/results/filtered_clusters/table_006/1-6-0_table_cluster.ply
Saved 1/1 filtered clusters to: ./output/full_house/floor_1/room_006/results/filtered_clusters/table_006
  Detected *shell* -> treat as single cluster, skip clustering and filtering
File: shell_006.ply, points: 965379, shell -> skip clustering/filtering
  ✓ saved UOBB: ./output/full_house/floor_1/room_006/results/shell/shell_006/1-6-1_shell_uobb.ply
Saved 1/1 shell UOBB to: ./output/full_house/floor_1/room_006/results/shell/shell_006
  Cluster size stats: min=59, max=110, ratio=1.86441, no_filter_ratio=2 -> skip filtering
File: window_006.ply, points: 345, clusters(raw/filtered): 4/4
  Avg cluster size: 86.25, filter threshold (factor=0.7): 60.375
  - raw cluster 0: size=81
  - raw cluster 1: size=110
  - raw cluster 2: size=95
  - raw cluster 3: size=59
  - kept cluster 0: size=81
  - kept cluster 1: size=110
  - kept cluster 2: size=95
  - kept cluster 3: size=59
  ✓ saved UOBB: ./output/full_house/floor_1/room_006/results/filtered_clusters/window_006/1-6-2_window_uobb.ply
  ✓ saved cluster PLY: ./output/full_house/floor_1/room_006/results/filtered_clusters/window_006/1-6-2_window_cluster.ply
  ✓ saved UOBB: ./output/full_house/floor_1/room_006/results/filtered_clusters/window_006/1-6-3_window_uobb.ply
  ✓ saved cluster PLY: ./output/full_house/floor_1/room_006/results/filtered_clusters/window_006/1-6-3_window_cluster.ply
  ✓ saved UOBB: ./output/full_house/floor_1/room_006/results/filtered_clusters/window_006/1-6-4_window_uobb.ply
  ✓ saved cluster PLY: ./output/full_house/floor_1/room_006/results/filtered_clusters/window_006/1-6-4_window_cluster.ply
  ✓ saved UOBB: ./output/full_house/floor_1/room_006/results/filtered_clusters/window_006/1-6-5_window_uobb.ply
  ✓ saved cluster PLY: ./output/full_house/floor_1/room_006/results/filtered_clusters/window_006/1-6-5_window_cluster.ply
Saved 4/4 filtered clusters to: ./output/full_house/floor_1/room_006/results/filtered_clusters/window_006
  Cluster size stats: min=183, max=120189, ratio=656.77, no_filter_ratio=2 -> apply filtering
File: door_006.ply, points: 135436, clusters(raw/filtered): 4/1
  Avg cluster size: 33858.5, filter threshold (factor=0.7): 23700.9
  - raw cluster 0: size=120189
  - raw cluster 1: size=14664
  - raw cluster 2: size=183
  - raw cluster 3: size=398
  - kept cluster 0: size=120189
  ✓ saved UOBB: ./output/full_house/floor_1/room_006/results/filtered_clusters/door_006/1-6-6_door_uobb.ply
  ✓ saved cluster PLY: ./output/full_house/floor_1/room_006/results/filtered_clusters/door_006/1-6-6_door_cluster.ply
Saved 1/1 filtered clusters to: ./output/full_house/floor_1/room_006/results/filtered_clusters/door_006
