  Cluster size stats: min=3856, max=3856, ratio=1, no_filter_ratio=2 -> skip filtering
File: plant_003.ply, points: 3856, clusters(raw/filtered): 1/1
  Avg cluster size: 3856, filter threshold (factor=0.7): 2699.2
  - raw cluster 0: size=3856
  - kept cluster 0: size=3856
  ✓ saved UOBB: output/floor_0/room_003/results/filtered_clusters/plant_003/0-3-0_plant_uobb.ply
  ✓ saved cluster PLY: output/floor_0/room_003/results/filtered_clusters/plant_003/0-3-0_plant_cluster.ply
Saved 1/1 filtered clusters to: output/floor_0/room_003/results/filtered_clusters/plant_003
  Cluster size stats: min=64, max=92670, ratio=1447.97, no_filter_ratio=2 -> apply filtering
File: table_003.ply, points: 122318, clusters(raw/filtered): 12/2
  Avg cluster size: 10156.6, filter threshold (factor=0.7): 7109.61
  - raw cluster 0: size=14002
  - raw cluster 1: size=97
  - raw cluster 2: size=6123
  - raw cluster 3: size=92670
  - raw cluster 4: size=224
  - raw cluster 5: size=241
  - raw cluster 6: size=359
  - raw cluster 7: size=6611
  - raw cluster 8: size=70
  - raw cluster 9: size=314
  - raw cluster 10: size=64
  - raw cluster 11: size=1104
  - kept cluster 0: size=14002
  - kept cluster 1: size=92670
  ✓ saved UOBB: output/floor_0/room_003/results/filtered_clusters/table_003/0-3-1_table_uobb.ply
  ✓ saved cluster PLY: output/floor_0/room_003/results/filtered_clusters/table_003/0-3-1_table_cluster.ply
  ✓ saved UOBB: output/floor_0/room_003/results/filtered_clusters/table_003/0-3-2_table_uobb.ply
  ✓ saved cluster PLY: output/floor_0/room_003/results/filtered_clusters/table_003/0-3-2_table_cluster.ply
Saved 2/2 filtered clusters to: output/floor_0/room_003/results/filtered_clusters/table_003
  Detected *shell* -> treat as single cluster, skip clustering and filtering
File: shell_003.ply, points: 3203173, shell -> skip clustering/filtering
  ✓ saved UOBB: output/floor_0/room_003/results/shell/shell_003/0-3-3_shell_uobb.ply
  ✓ copied shell PLY: output/floor_0/room_003/results/shell/shell_003/0-3-3_shell.ply
Saved 1/1 shell UOBB to: output/floor_0/room_003/results/shell/shell_003
  Cluster size stats: min=51, max=305565, ratio=5991.47, no_filter_ratio=2 -> apply filtering
File: combined_003.ply, points: 1283220, clusters(raw/filtered): 48/9
  Avg cluster size: 26715.1, filter threshold (factor=0.7): 18700.6
  - raw cluster 0: size=3948
  - raw cluster 1: size=305565
  - raw cluster 2: size=6097
  - raw cluster 3: size=1054
  - raw cluster 4: size=243
  - raw cluster 5: size=237781
  - raw cluster 6: size=141220
  - raw cluster 7: size=3966
  - raw cluster 8: size=101552
  - raw cluster 9: size=30989
  - raw cluster 10: size=51
  - raw cluster 11: size=171
  - raw cluster 12: size=1619
  - raw cluster 13: size=19535
  - raw cluster 14: size=221
  - raw cluster 15: size=111
  - raw cluster 16: size=105
  - raw cluster 17: size=53
  - raw cluster 18: size=137851
  - raw cluster 19: size=79
  - raw cluster 20: size=51
  - raw cluster 21: size=693
  - raw cluster 22: size=265
  - raw cluster 23: size=280
  - raw cluster 24: size=103
  - raw cluster 25: size=1399
  - raw cluster 26: size=105
  - raw cluster 27: size=107
  - raw cluster 28: size=3856
  - raw cluster 29: size=6193
  - raw cluster 30: size=235
  - raw cluster 31: size=6731
  - raw cluster 32: size=184
  - raw cluster 33: size=7726
  - raw cluster 34: size=14002
  - raw cluster 35: size=97
  - raw cluster 36: size=205589
  - raw cluster 37: size=1329
  - raw cluster 38: size=6611
  - raw cluster 39: size=23677
  - raw cluster 40: size=1104
  - raw cluster 41: size=67
  - raw cluster 42: size=162
  - raw cluster 43: size=119
  - raw cluster 44: size=5747
  - raw cluster 45: size=3274
  - raw cluster 46: size=331
  - raw cluster 47: size=78
  - kept cluster 0: size=305565
  - kept cluster 1: size=237781
  - kept cluster 2: size=141220
  - kept cluster 3: size=101552
  - kept cluster 4: size=30989
  - kept cluster 5: size=19535
  - kept cluster 6: size=137851
  - kept cluster 7: size=205589
  - kept cluster 8: size=23677
  ✓ saved UOBB: output/floor_0/room_003/results/filtered_clusters/combined_003/0-3-4_combined_uobb.ply
  ✓ saved cluster PLY: output/floor_0/room_003/results/filtered_clusters/combined_003/0-3-4_combined_cluster.ply
  ✓ saved UOBB: output/floor_0/room_003/results/filtered_clusters/combined_003/0-3-5_combined_uobb.ply
  ✓ saved cluster PLY: output/floor_0/room_003/results/filtered_clusters/combined_003/0-3-5_combined_cluster.ply
  ✓ saved UOBB: output/floor_0/room_003/results/filtered_clusters/combined_003/0-3-6_combined_uobb.ply
  ✓ saved cluster PLY: output/floor_0/room_003/results/filtered_clusters/combined_003/0-3-6_combined_cluster.ply
  ✓ saved UOBB: output/floor_0/room_003/results/filtered_clusters/combined_003/0-3-7_combined_uobb.ply
  ✓ saved cluster PLY: output/floor_0/room_003/results/filtered_clusters/combined_003/0-3-7_combined_cluster.ply
  ✓ saved UOBB: output/floor_0/room_003/results/filtered_clusters/combined_003/0-3-8_combined_uobb.ply
  ✓ saved cluster PLY: output/floor_0/room_003/results/filtered_clusters/combined_003/0-3-8_combined_cluster.ply
  ✓ saved UOBB: output/floor_0/room_003/results/filtered_clusters/combined_003/0-3-9_combined_uobb.ply
  ✓ saved cluster PLY: output/floor_0/room_003/results/filtered_clusters/combined_003/0-3-9_combined_cluster.ply
  ✓ saved UOBB: output/floor_0/room_003/results/filtered_clusters/combined_003/0-3-10_combined_uobb.ply
  ✓ saved cluster PLY: output/floor_0/room_003/results/filtered_clusters/combined_003/0-3-10_combined_cluster.ply
  ✓ saved UOBB: output/floor_0/room_003/results/filtered_clusters/combined_003/0-3-11_combined_uobb.ply
  ✓ saved cluster PLY: output/floor_0/room_003/results/filtered_clusters/combined_003/0-3-11_combined_cluster.ply
  ✓ saved UOBB: output/floor_0/room_003/results/filtered_clusters/combined_003/0-3-12_combined_uobb.ply
  ✓ saved cluster PLY: output/floor_0/room_003/results/filtered_clusters/combined_003/0-3-12_combined_cluster.ply
Saved 9/9 filtered clusters to: output/floor_0/room_003/results/filtered_clusters/combined_003
  Cluster size stats: min=67, max=33436, ratio=499.045, no_filter_ratio=2 -> apply filtering
File: chair_003.ply, points: 112082, clusters(raw/filtered): 8/5
  Avg cluster size: 13973.6, filter threshold (factor=0.7): 9781.54
  - raw cluster 0: size=21757
  - raw cluster 1: size=141
  - raw cluster 2: size=17099
  - raw cluster 3: size=21293
  - raw cluster 4: size=33436
  - raw cluster 5: size=75
  - raw cluster 6: size=67
  - raw cluster 7: size=17921
  - kept cluster 0: size=21757
  - kept cluster 1: size=17099
  - kept cluster 2: size=21293
  - kept cluster 3: size=33436
  - kept cluster 4: size=17921
  ✓ saved UOBB: output/floor_0/room_003/results/filtered_clusters/chair_003/0-3-13_chair_uobb.ply
  ✓ saved cluster PLY: output/floor_0/room_003/results/filtered_clusters/chair_003/0-3-13_chair_cluster.ply
  ✓ saved UOBB: output/floor_0/room_003/results/filtered_clusters/chair_003/0-3-14_chair_uobb.ply
  ✓ saved cluster PLY: output/floor_0/room_003/results/filtered_clusters/chair_003/0-3-14_chair_cluster.ply
  ✓ saved UOBB: output/floor_0/room_003/results/filtered_clusters/chair_003/0-3-15_chair_uobb.ply
  ✓ saved cluster PLY: output/floor_0/room_003/results/filtered_clusters/chair_003/0-3-15_chair_cluster.ply
  ✓ saved UOBB: output/floor_0/room_003/results/filtered_clusters/chair_003/0-3-16_chair_uobb.ply
  ✓ saved cluster PLY: output/floor_0/room_003/results/filtered_clusters/chair_003/0-3-16_chair_cluster.ply
  ✓ saved UOBB: output/floor_0/room_003/results/filtered_clusters/chair_003/0-3-17_chair_uobb.ply
  ✓ saved cluster PLY: output/floor_0/room_003/results/filtered_clusters/chair_003/0-3-17_chair_cluster.ply
Saved 5/5 filtered clusters to: output/floor_0/room_003/results/filtered_clusters/chair_003
  Cluster size stats: min=65, max=833015, ratio=12815.6, no_filter_ratio=2 -> apply filtering
File: floor_003.ply, points: 1165666, clusters(raw/filtered): 34/5
  Avg cluster size: 34265.4, filter threshold (factor=0.7): 23985.8
  - raw cluster 0: size=65
  - raw cluster 1: size=16796
  - raw cluster 2: size=2236
  - raw cluster 3: size=74
  - raw cluster 4: size=833015
  - raw cluster 5: size=22602
  - raw cluster 6: size=38856
  - raw cluster 7: size=4310
  - raw cluster 8: size=35119
  - raw cluster 9: size=603
  - raw cluster 10: size=2156
  - raw cluster 11: size=269
  - raw cluster 12: size=835
  - raw cluster 13: size=2473
  - raw cluster 14: size=63285
  - raw cluster 15: size=449
  - raw cluster 16: size=651
  - raw cluster 17: size=108
  - raw cluster 18: size=887
  - raw cluster 19: size=121574
  - raw cluster 20: size=8539
  - raw cluster 21: size=111
  - raw cluster 22: size=868
  - raw cluster 23: size=2381
  - raw cluster 24: size=214
  - raw cluster 25: size=96
  - raw cluster 26: size=73
  - raw cluster 27: size=464
  - raw cluster 28: size=1493
  - raw cluster 29: size=2087
  - raw cluster 30: size=580
  - raw cluster 31: size=1356
  - raw cluster 32: size=296
  - raw cluster 33: size=102
  - kept cluster 0: size=833015
  - kept cluster 1: size=38856
  - kept cluster 2: size=35119
  - kept cluster 3: size=63285
  - kept cluster 4: size=121574
  ✓ saved UOBB: output/floor_0/room_003/results/filtered_clusters/floor_003/0-3-18_floor_uobb.ply
  ✓ saved cluster PLY: output/floor_0/room_003/results/filtered_clusters/floor_003/0-3-18_floor_cluster.ply
  ✓ saved UOBB: output/floor_0/room_003/results/filtered_clusters/floor_003/0-3-19_floor_uobb.ply
  ✓ saved cluster PLY: output/floor_0/room_003/results/filtered_clusters/floor_003/0-3-19_floor_cluster.ply
  ✓ saved UOBB: output/floor_0/room_003/results/filtered_clusters/floor_003/0-3-20_floor_uobb.ply
  ✓ saved cluster PLY: output/floor_0/room_003/results/filtered_clusters/floor_003/0-3-20_floor_cluster.ply
  ✓ saved UOBB: output/floor_0/room_003/results/filtered_clusters/floor_003/0-3-21_floor_uobb.ply
  ✓ saved cluster PLY: output/floor_0/room_003/results/filtered_clusters/floor_003/0-3-21_floor_cluster.ply
  ✓ saved UOBB: output/floor_0/room_003/results/filtered_clusters/floor_003/0-3-22_floor_uobb.ply
  ✓ saved cluster PLY: output/floor_0/room_003/results/filtered_clusters/floor_003/0-3-22_floor_cluster.ply
Saved 5/5 filtered clusters to: output/floor_0/room_003/results/filtered_clusters/floor_003
  Cluster size stats: min=50, max=756304, ratio=15126.1, no_filter_ratio=2 -> apply filtering
File: ceiling_003.ply, points: 1146979, clusters(raw/filtered): 56/4
  Avg cluster size: 20459.2, filter threshold (factor=0.7): 14321.5
  - raw cluster 0: size=756304
  - raw cluster 1: size=133
  - raw cluster 2: size=990
  - raw cluster 3: size=7728
  - raw cluster 4: size=112014
  - raw cluster 5: size=201806
  - raw cluster 6: size=283
  - raw cluster 7: size=1531
  - raw cluster 8: size=2913
  - raw cluster 9: size=14249
  - raw cluster 10: size=114
  - raw cluster 11: size=4638
  - raw cluster 12: size=106
  - raw cluster 13: size=28670
  - raw cluster 14: size=258
  - raw cluster 15: size=134
  - raw cluster 16: size=87
  - raw cluster 17: size=1103
  - raw cluster 18: size=287
  - raw cluster 19: size=2445
  - raw cluster 20: size=84
  - raw cluster 21: size=391
  - raw cluster 22: size=91
  - raw cluster 23: size=56
  - raw cluster 24: size=388
  - raw cluster 25: size=812
  - raw cluster 26: size=186
  - raw cluster 27: size=1645
  - raw cluster 28: size=99
  - raw cluster 29: size=158
  - raw cluster 30: size=181
  - raw cluster 31: size=144
  - raw cluster 32: size=56
  - raw cluster 33: size=53
  - raw cluster 34: size=222
  - raw cluster 35: size=56
  - raw cluster 36: size=50
  - raw cluster 37: size=58
  - raw cluster 38: size=538
  - raw cluster 39: size=105
  - raw cluster 40: size=50
  - raw cluster 41: size=81
  - raw cluster 42: size=182
  - raw cluster 43: size=502
  - raw cluster 44: size=1275
  - raw cluster 45: size=68
  - raw cluster 46: size=686
  - raw cluster 47: size=72
  - raw cluster 48: size=120
  - raw cluster 49: size=458
  - raw cluster 50: size=360
  - raw cluster 51: size=277
  - raw cluster 52: size=143
  - raw cluster 53: size=123
  - raw cluster 54: size=69
  - raw cluster 55: size=85
  - kept cluster 0: size=756304
  - kept cluster 1: size=112014
  - kept cluster 2: size=201806
  - kept cluster 3: size=28670
  ✓ saved UOBB: output/floor_0/room_003/results/filtered_clusters/ceiling_003/0-3-23_ceiling_uobb.ply
  ✓ saved cluster PLY: output/floor_0/room_003/results/filtered_clusters/ceiling_003/0-3-23_ceiling_cluster.ply
  ✓ saved UOBB: output/floor_0/room_003/results/filtered_clusters/ceiling_003/0-3-24_ceiling_uobb.ply
  ✓ saved cluster PLY: output/floor_0/room_003/results/filtered_clusters/ceiling_003/0-3-24_ceiling_cluster.ply
  ✓ saved UOBB: output/floor_0/room_003/results/filtered_clusters/ceiling_003/0-3-25_ceiling_uobb.ply
  ✓ saved cluster PLY: output/floor_0/room_003/results/filtered_clusters/ceiling_003/0-3-25_ceiling_cluster.ply
  ✓ saved UOBB: output/floor_0/room_003/results/filtered_clusters/ceiling_003/0-3-26_ceiling_uobb.ply
  ✓ saved cluster PLY: output/floor_0/room_003/results/filtered_clusters/ceiling_003/0-3-26_ceiling_cluster.ply
Saved 4/4 filtered clusters to: output/floor_0/room_003/results/filtered_clusters/ceiling_003
  Cluster size stats: min=54, max=2564614, ratio=47492.9, no_filter_ratio=2 -> apply filtering
File: walls_003.ply, points: 3986948, clusters(raw/filtered): 68/4
  Avg cluster size: 58612.6, filter threshold (factor=0.7): 41028.9
  - raw cluster 0: size=93790
  - raw cluster 1: size=2564614
  - raw cluster 2: size=177
  - raw cluster 3: size=2260
  - raw cluster 4: size=87
  - raw cluster 5: size=933
  - raw cluster 6: size=7619
  - raw cluster 7: size=71195
  - raw cluster 8: size=3702
  - raw cluster 9: size=880
  - raw cluster 10: size=1140205
  - raw cluster 11: size=64
  - raw cluster 12: size=7220
  - raw cluster 13: size=4260
  - raw cluster 14: size=656
  - raw cluster 15: size=251
  - raw cluster 16: size=16384
  - raw cluster 17: size=2477
  - raw cluster 18: size=1302
  - raw cluster 19: size=554
  - raw cluster 20: size=57
  - raw cluster 21: size=133
  - raw cluster 22: size=2865
  - raw cluster 23: size=99
  - raw cluster 24: size=737
  - raw cluster 25: size=164
  - raw cluster 26: size=385
  - raw cluster 27: size=3368
  - raw cluster 28: size=1149
  - raw cluster 29: size=951
  - raw cluster 30: size=335
  - raw cluster 31: size=1572
  - raw cluster 32: size=101
  - raw cluster 33: size=9006
  - raw cluster 34: size=10532
  - raw cluster 35: size=1625
  - raw cluster 36: size=526
  - raw cluster 37: size=533
  - raw cluster 38: size=435
  - raw cluster 39: size=1175
  - raw cluster 40: size=1950
  - raw cluster 41: size=376
  - raw cluster 42: size=7587
  - raw cluster 43: size=784
  - raw cluster 44: size=839
  - raw cluster 45: size=78
  - raw cluster 46: size=245
  - raw cluster 47: size=2791
  - raw cluster 48: size=60
  - raw cluster 49: size=769
  - raw cluster 50: size=161
  - raw cluster 51: size=57
  - raw cluster 52: size=1717
  - raw cluster 53: size=460
  - raw cluster 54: size=194
  - raw cluster 55: size=5658
  - raw cluster 56: size=116
  - raw cluster 57: size=495
  - raw cluster 58: size=3584
  - raw cluster 59: size=101
  - raw cluster 60: size=157
  - raw cluster 61: size=573
  - raw cluster 62: size=1113
  - raw cluster 63: size=101
  - raw cluster 64: size=799
  - raw cluster 65: size=390
  - raw cluster 66: size=54
  - raw cluster 67: size=73
  - kept cluster 0: size=93790
  - kept cluster 1: size=2564614
  - kept cluster 2: size=71195
  - kept cluster 3: size=1140205
  ✓ saved UOBB: output/floor_0/room_003/results/filtered_clusters/walls_003/0-3-27_walls_uobb.ply
  ✓ saved cluster PLY: output/floor_0/room_003/results/filtered_clusters/walls_003/0-3-27_walls_cluster.ply
  ✓ saved UOBB: output/floor_0/room_003/results/filtered_clusters/walls_003/0-3-28_walls_uobb.ply
  ✓ saved cluster PLY: output/floor_0/room_003/results/filtered_clusters/walls_003/0-3-28_walls_cluster.ply
  ✓ saved UOBB: output/floor_0/room_003/results/filtered_clusters/walls_003/0-3-29_walls_uobb.ply
  ✓ saved cluster PLY: output/floor_0/room_003/results/filtered_clusters/walls_003/0-3-29_walls_cluster.ply
  ✓ saved UOBB: output/floor_0/room_003/results/filtered_clusters/walls_003/0-3-30_walls_uobb.ply
  ✓ saved cluster PLY: output/floor_0/room_003/results/filtered_clusters/walls_003/0-3-30_walls_cluster.ply
Saved 4/4 filtered clusters to: output/floor_0/room_003/results/filtered_clusters/walls_003
  Cluster size stats: min=51, max=276047, ratio=5412.69, no_filter_ratio=2 -> apply filtering
File: door_003.ply, points: 776067, clusters(raw/filtered): 28/5
  Avg cluster size: 27705.1, filter threshold (factor=0.7): 19393.5
  - raw cluster 0: size=51
  - raw cluster 1: size=230927
  - raw cluster 2: size=171
  - raw cluster 3: size=1619
  - raw cluster 4: size=19535
  - raw cluster 5: size=221
  - raw cluster 6: size=111
  - raw cluster 7: size=285
  - raw cluster 8: size=70434
  - raw cluster 9: size=276047
  - raw cluster 10: size=16748
  - raw cluster 11: size=186
  - raw cluster 12: size=105
  - raw cluster 13: size=53
  - raw cluster 14: size=137851
  - raw cluster 15: size=17697
  - raw cluster 16: size=79
  - raw cluster 17: size=51
  - raw cluster 18: size=693
  - raw cluster 19: size=265
  - raw cluster 20: size=87
  - raw cluster 21: size=206
  - raw cluster 22: size=326
  - raw cluster 23: size=280
  - raw cluster 24: size=103
  - raw cluster 25: size=1399
  - raw cluster 26: size=105
  - raw cluster 27: size=107
  - kept cluster 0: size=230927
  - kept cluster 1: size=19535
  - kept cluster 2: size=70434
  - kept cluster 3: size=276047
  - kept cluster 4: size=137851
  ✓ saved UOBB: output/floor_0/room_003/results/filtered_clusters/door_003/0-3-31_door_uobb.ply
  ✓ saved cluster PLY: output/floor_0/room_003/results/filtered_clusters/door_003/0-3-31_door_cluster.ply
  ✓ saved UOBB: output/floor_0/room_003/results/filtered_clusters/door_003/0-3-32_door_uobb.ply
  ✓ saved cluster PLY: output/floor_0/room_003/results/filtered_clusters/door_003/0-3-32_door_cluster.ply
  ✓ saved UOBB: output/floor_0/room_003/results/filtered_clusters/door_003/0-3-33_door_uobb.ply
  ✓ saved cluster PLY: output/floor_0/room_003/results/filtered_clusters/door_003/0-3-33_door_cluster.ply
  ✓ saved UOBB: output/floor_0/room_003/results/filtered_clusters/door_003/0-3-34_door_uobb.ply
  ✓ saved cluster PLY: output/floor_0/room_003/results/filtered_clusters/door_003/0-3-34_door_cluster.ply
  ✓ saved UOBB: output/floor_0/room_003/results/filtered_clusters/door_003/0-3-35_door_uobb.ply
  ✓ saved cluster PLY: output/floor_0/room_003/results/filtered_clusters/door_003/0-3-35_door_cluster.ply
Saved 5/5 filtered clusters to: output/floor_0/room_003/results/filtered_clusters/door_003
  Cluster size stats: min=67, max=141220, ratio=2107.76, no_filter_ratio=2 -> apply filtering
File: window_003.ply, points: 203140, clusters(raw/filtered): 11/2
  Avg cluster size: 18461.4, filter threshold (factor=0.7): 12923
  - raw cluster 0: size=141220
  - raw cluster 1: size=3966
  - raw cluster 2: size=4392
  - raw cluster 3: size=1194
  - raw cluster 4: size=8531
  - raw cluster 5: size=67
  - raw cluster 6: size=30989
  - raw cluster 7: size=917
  - raw cluster 8: size=9556
  - raw cluster 9: size=160
  - raw cluster 10: size=2083
  - kept cluster 0: size=141220
  - kept cluster 1: size=30989
  ✓ saved UOBB: output/floor_0/room_003/results/filtered_clusters/window_003/0-3-36_window_uobb.ply
  ✓ saved cluster PLY: output/floor_0/room_003/results/filtered_clusters/window_003/0-3-36_window_cluster.ply
  ✓ saved UOBB: output/floor_0/room_003/results/filtered_clusters/window_003/0-3-37_window_uobb.ply
  ✓ saved cluster PLY: output/floor_0/room_003/results/filtered_clusters/window_003/0-3-37_window_cluster.ply
Saved 2/2 filtered clusters to: output/floor_0/room_003/results/filtered_clusters/window_003
