  Cluster size stats: min=1113, max=1368, ratio=1.22911, no_filter_ratio=2 -> skip filtering
File: table_005.ply, points: 2550, clusters(raw/filtered): 2/2
  Avg cluster size: 1240.5, filter threshold (factor=0.7): 868.35
  - raw cluster 0: size=1113
  - raw cluster 1: size=1368
  - kept cluster 0: size=1113
  - kept cluster 1: size=1368
  ✓ saved UOBB: output/Full House/floor_1/room_005/results/filtered_clusters/table_005/1-5-0_table_uobb.ply
  ✓ saved cluster PLY: output/Full House/floor_1/room_005/results/filtered_clusters/table_005/1-5-0_table_cluster.ply
  ✓ saved UOBB: output/Full House/floor_1/room_005/results/filtered_clusters/table_005/1-5-1_table_uobb.ply
  ✓ saved cluster PLY: output/Full House/floor_1/room_005/results/filtered_clusters/table_005/1-5-1_table_cluster.ply
Saved 2/2 filtered clusters to: output/Full House/floor_1/room_005/results/filtered_clusters/table_005
  Detected *shell* -> treat as single cluster, skip clustering and filtering
File: shell_005.ply, points: 1218384, shell -> skip clustering/filtering
  ✓ saved UOBB: output/Full House/floor_1/room_005/results/shell/shell_005/1-5-2_shell_uobb.ply
  ✓ copied shell PLY: output/Full House/floor_1/room_005/results/shell/shell_005/1-5-2_shell.ply
Saved 1/1 shell UOBB to: output/Full House/floor_1/room_005/results/shell/shell_005
  Cluster size stats: min=14862, max=55789, ratio=3.7538, no_filter_ratio=2 -> apply filtering
File: door_005.ply, points: 70665, clusters(raw/filtered): 2/1
  Avg cluster size: 35325.5, filter threshold (factor=0.7): 24727.8
  - raw cluster 0: size=55789
  - raw cluster 1: size=14862
  - kept cluster 0: size=55789
  ✓ saved UOBB: output/Full House/floor_1/room_005/results/filtered_clusters/door_005/1-5-3_door_uobb.ply
  ✓ saved cluster PLY: output/Full House/floor_1/room_005/results/filtered_clusters/door_005/1-5-3_door_cluster.ply
Saved 1/1 filtered clusters to: output/Full House/floor_1/room_005/results/filtered_clusters/door_005
  Cluster size stats: min=166, max=5802, ratio=34.9518, no_filter_ratio=2 -> apply filtering
File: window_005.ply, points: 6172, clusters(raw/filtered): 3/1
  Avg cluster size: 2056.67, filter threshold (factor=0.7): 1439.67
  - raw cluster 0: size=166
  - raw cluster 1: size=5802
  - raw cluster 2: size=202
  - kept cluster 0: size=5802
  ✓ saved UOBB: output/Full House/floor_1/room_005/results/filtered_clusters/window_005/1-5-4_window_uobb.ply
  ✓ saved cluster PLY: output/Full House/floor_1/room_005/results/filtered_clusters/window_005/1-5-4_window_cluster.ply
Saved 1/1 filtered clusters to: output/Full House/floor_1/room_005/results/filtered_clusters/window_005
