  Detected *shell* -> treat as single cluster, skip clustering and filtering
File: shell_005.ply, points: 1343039, shell -> skip clustering/filtering
  ✓ saved UOBB: output/floor_1/room_005/results/shell/shell_005/1-5-0_shell_uobb.ply
  ✓ copied shell PLY: output/floor_1/room_005/results/shell/shell_005/1-5-0_shell.ply
Saved 1/1 shell UOBB to: output/floor_1/room_005/results/shell/shell_005
  Cluster size stats: min=50, max=80405, ratio=1608.1, no_filter_ratio=2 -> apply filtering
File: combined_005.ply, points: 205103, clusters(raw/filtered): 32/12
  Avg cluster size: 6401.41, filter threshold (factor=0.7): 4480.98
  - raw cluster 0: size=4558
  - raw cluster 1: size=987
  - raw cluster 2: size=245
  - raw cluster 3: size=10753
  - raw cluster 4: size=1267
  - raw cluster 5: size=3519
  - raw cluster 6: size=5306
  - raw cluster 7: size=101
  - raw cluster 8: size=5643
  - raw cluster 9: size=163
  - raw cluster 10: size=5110
  - raw cluster 11: size=415
  - raw cluster 12: size=459
  - raw cluster 13: size=6941
  - raw cluster 14: size=15891
  - raw cluster 15: size=81
  - raw cluster 16: size=166
  - raw cluster 17: size=365
  - raw cluster 18: size=7314
  - raw cluster 19: size=80405
  - raw cluster 20: size=6162
  - raw cluster 21: size=10084
  - raw cluster 22: size=199
  - raw cluster 23: size=37272
  - raw cluster 24: size=376
  - raw cluster 25: size=65
  - raw cluster 26: size=377
  - raw cluster 27: size=139
  - raw cluster 28: size=108
  - raw cluster 29: size=255
  - raw cluster 30: size=50
  - raw cluster 31: size=69
  - kept cluster 0: size=4558
  - kept cluster 1: size=10753
  - kept cluster 2: size=5306
  - kept cluster 3: size=5643
  - kept cluster 4: size=5110
  - kept cluster 5: size=6941
  - kept cluster 6: size=15891
  - kept cluster 7: size=7314
  - kept cluster 8: size=80405
  - kept cluster 9: size=6162
  - kept cluster 10: size=10084
  - kept cluster 11: size=37272
  ✓ saved UOBB: output/floor_1/room_005/results/filtered_clusters/combined_005/1-5-1_combined_uobb.ply
  ✓ saved cluster PLY: output/floor_1/room_005/results/filtered_clusters/combined_005/1-5-1_combined_cluster.ply
  ✓ saved UOBB: output/floor_1/room_005/results/filtered_clusters/combined_005/1-5-2_combined_uobb.ply
  ✓ saved cluster PLY: output/floor_1/room_005/results/filtered_clusters/combined_005/1-5-2_combined_cluster.ply
  ✓ saved UOBB: output/floor_1/room_005/results/filtered_clusters/combined_005/1-5-3_combined_uobb.ply
  ✓ saved cluster PLY: output/floor_1/room_005/results/filtered_clusters/combined_005/1-5-3_combined_cluster.ply
  ✓ saved UOBB: output/floor_1/room_005/results/filtered_clusters/combined_005/1-5-4_combined_uobb.ply
  ✓ saved cluster PLY: output/floor_1/room_005/results/filtered_clusters/combined_005/1-5-4_combined_cluster.ply
  ✓ saved UOBB: output/floor_1/room_005/results/filtered_clusters/combined_005/1-5-5_combined_uobb.ply
  ✓ saved cluster PLY: output/floor_1/room_005/results/filtered_clusters/combined_005/1-5-5_combined_cluster.ply
  ✓ saved UOBB: output/floor_1/room_005/results/filtered_clusters/combined_005/1-5-6_combined_uobb.ply
  ✓ saved cluster PLY: output/floor_1/room_005/results/filtered_clusters/combined_005/1-5-6_combined_cluster.ply
  ✓ saved UOBB: output/floor_1/room_005/results/filtered_clusters/combined_005/1-5-7_combined_uobb.ply
  ✓ saved cluster PLY: output/floor_1/room_005/results/filtered_clusters/combined_005/1-5-7_combined_cluster.ply
  ✓ saved UOBB: output/floor_1/room_005/results/filtered_clusters/combined_005/1-5-8_combined_uobb.ply
  ✓ saved cluster PLY: output/floor_1/room_005/results/filtered_clusters/combined_005/1-5-8_combined_cluster.ply
  ✓ saved UOBB: output/floor_1/room_005/results/filtered_clusters/combined_005/1-5-9_combined_uobb.ply
  ✓ saved cluster PLY: output/floor_1/room_005/results/filtered_clusters/combined_005/1-5-9_combined_cluster.ply
  ✓ saved UOBB: output/floor_1/room_005/results/filtered_clusters/combined_005/1-5-10_combined_uobb.ply
  ✓ saved cluster PLY: output/floor_1/room_005/results/filtered_clusters/combined_005/1-5-10_combined_cluster.ply
  ✓ saved UOBB: output/floor_1/room_005/results/filtered_clusters/combined_005/1-5-11_combined_uobb.ply
  ✓ saved cluster PLY: output/floor_1/room_005/results/filtered_clusters/combined_005/1-5-11_combined_cluster.ply
  ✓ saved UOBB: output/floor_1/room_005/results/filtered_clusters/combined_005/1-5-12_combined_uobb.ply
  ✓ saved cluster PLY: output/floor_1/room_005/results/filtered_clusters/combined_005/1-5-12_combined_cluster.ply
Saved 12/12 filtered clusters to: output/floor_1/room_005/results/filtered_clusters/combined_005
  Cluster size stats: min=123, max=2945, ratio=23.9431, no_filter_ratio=2 -> apply filtering
File: floor_005.ply, points: 7124, clusters(raw/filtered): 6/3
  Avg cluster size: 1166.83, filter threshold (factor=0.7): 816.783
  - raw cluster 0: size=489
  - raw cluster 1: size=1785
  - raw cluster 2: size=2945
  - raw cluster 3: size=1311
  - raw cluster 4: size=123
  - raw cluster 5: size=348
  - kept cluster 0: size=1785
  - kept cluster 1: size=2945
  - kept cluster 2: size=1311
  ✓ saved UOBB: output/floor_1/room_005/results/filtered_clusters/floor_005/1-5-13_floor_uobb.ply
  ✓ saved cluster PLY: output/floor_1/room_005/results/filtered_clusters/floor_005/1-5-13_floor_cluster.ply
  ✓ saved UOBB: output/floor_1/room_005/results/filtered_clusters/floor_005/1-5-14_floor_uobb.ply
  ✓ saved cluster PLY: output/floor_1/room_005/results/filtered_clusters/floor_005/1-5-14_floor_cluster.ply
  ✓ saved UOBB: output/floor_1/room_005/results/filtered_clusters/floor_005/1-5-15_floor_uobb.ply
  ✓ saved cluster PLY: output/floor_1/room_005/results/filtered_clusters/floor_005/1-5-15_floor_cluster.ply
Saved 3/3 filtered clusters to: output/floor_1/room_005/results/filtered_clusters/floor_005
  Cluster size stats: min=63, max=310262, ratio=4924.79, no_filter_ratio=2 -> apply filtering
File: ceiling_005.ply, points: 796393, clusters(raw/filtered): 26/6
  Avg cluster size: 30621.7, filter threshold (factor=0.7): 21435.2
  - raw cluster 0: size=16586
  - raw cluster 1: size=205746
  - raw cluster 2: size=54788
  - raw cluster 3: size=310262
  - raw cluster 4: size=45419
  - raw cluster 5: size=26516
  - raw cluster 6: size=2541
  - raw cluster 7: size=82631
  - raw cluster 8: size=14261
  - raw cluster 9: size=3915
  - raw cluster 10: size=161
  - raw cluster 11: size=1806
  - raw cluster 12: size=18619
  - raw cluster 13: size=2342
  - raw cluster 14: size=161
  - raw cluster 15: size=87
  - raw cluster 16: size=106
  - raw cluster 17: size=440
  - raw cluster 18: size=1100
  - raw cluster 19: size=5919
  - raw cluster 20: size=73
  - raw cluster 21: size=2257
  - raw cluster 22: size=83
  - raw cluster 23: size=167
  - raw cluster 24: size=116
  - raw cluster 25: size=63
  - kept cluster 0: size=205746
  - kept cluster 1: size=54788
  - kept cluster 2: size=310262
  - kept cluster 3: size=45419
  - kept cluster 4: size=26516
  - kept cluster 5: size=82631
  ✓ saved UOBB: output/floor_1/room_005/results/filtered_clusters/ceiling_005/1-5-16_ceiling_uobb.ply
  ✓ saved cluster PLY: output/floor_1/room_005/results/filtered_clusters/ceiling_005/1-5-16_ceiling_cluster.ply
  ✓ saved UOBB: output/floor_1/room_005/results/filtered_clusters/ceiling_005/1-5-17_ceiling_uobb.ply
  ✓ saved cluster PLY: output/floor_1/room_005/results/filtered_clusters/ceiling_005/1-5-17_ceiling_cluster.ply
  ✓ saved UOBB: output/floor_1/room_005/results/filtered_clusters/ceiling_005/1-5-18_ceiling_uobb.ply
  ✓ saved cluster PLY: output/floor_1/room_005/results/filtered_clusters/ceiling_005/1-5-18_ceiling_cluster.ply
  ✓ saved UOBB: output/floor_1/room_005/results/filtered_clusters/ceiling_005/1-5-19_ceiling_uobb.ply
  ✓ saved cluster PLY: output/floor_1/room_005/results/filtered_clusters/ceiling_005/1-5-19_ceiling_cluster.ply
  ✓ saved UOBB: output/floor_1/room_005/results/filtered_clusters/ceiling_005/1-5-20_ceiling_uobb.ply
  ✓ saved cluster PLY: output/floor_1/room_005/results/filtered_clusters/ceiling_005/1-5-20_ceiling_cluster.ply
  ✓ saved UOBB: output/floor_1/room_005/results/filtered_clusters/ceiling_005/1-5-21_ceiling_uobb.ply
  ✓ saved cluster PLY: output/floor_1/room_005/results/filtered_clusters/ceiling_005/1-5-21_ceiling_cluster.ply
Saved 6/6 filtered clusters to: output/floor_1/room_005/results/filtered_clusters/ceiling_005
  Cluster size stats: min=199, max=16926, ratio=85.0553, no_filter_ratio=2 -> apply filtering
File: door_005.ply, points: 45630, clusters(raw/filtered): 7/5
  Avg cluster size: 6518.57, filter threshold (factor=0.7): 4563
  - raw cluster 0: size=7314
  - raw cluster 1: size=16926
  - raw cluster 2: size=6162
  - raw cluster 3: size=4951
  - raw cluster 4: size=9680
  - raw cluster 5: size=398
  - raw cluster 6: size=199
  - kept cluster 0: size=7314
  - kept cluster 1: size=16926
  - kept cluster 2: size=6162
  - kept cluster 3: size=4951
  - kept cluster 4: size=9680
  ✓ saved UOBB: output/floor_1/room_005/results/filtered_clusters/door_005/1-5-22_door_uobb.ply
  ✓ saved cluster PLY: output/floor_1/room_005/results/filtered_clusters/door_005/1-5-22_door_cluster.ply
  ✓ saved UOBB: output/floor_1/room_005/results/filtered_clusters/door_005/1-5-23_door_uobb.ply
  ✓ saved cluster PLY: output/floor_1/room_005/results/filtered_clusters/door_005/1-5-23_door_cluster.ply
  ✓ saved UOBB: output/floor_1/room_005/results/filtered_clusters/door_005/1-5-24_door_uobb.ply
  ✓ saved cluster PLY: output/floor_1/room_005/results/filtered_clusters/door_005/1-5-24_door_cluster.ply
  ✓ saved UOBB: output/floor_1/room_005/results/filtered_clusters/door_005/1-5-25_door_uobb.ply
  ✓ saved cluster PLY: output/floor_1/room_005/results/filtered_clusters/door_005/1-5-25_door_cluster.ply
  ✓ saved UOBB: output/floor_1/room_005/results/filtered_clusters/door_005/1-5-26_door_uobb.ply
  ✓ saved cluster PLY: output/floor_1/room_005/results/filtered_clusters/door_005/1-5-26_door_cluster.ply
Saved 5/5 filtered clusters to: output/floor_1/room_005/results/filtered_clusters/door_005
  Cluster size stats: min=81, max=15891, ratio=196.185, no_filter_ratio=2 -> apply filtering
File: window_005.ply, points: 16511, clusters(raw/filtered): 4/1
  Avg cluster size: 4125.75, filter threshold (factor=0.7): 2888.02
  - raw cluster 0: size=15891
  - raw cluster 1: size=81
  - raw cluster 2: size=166
  - raw cluster 3: size=365
  - kept cluster 0: size=15891
  ✓ saved UOBB: output/floor_1/room_005/results/filtered_clusters/window_005/1-5-27_window_uobb.ply
  ✓ saved cluster PLY: output/floor_1/room_005/results/filtered_clusters/window_005/1-5-27_window_cluster.ply
Saved 1/1 filtered clusters to: output/floor_1/room_005/results/filtered_clusters/window_005
  Cluster size stats: min=50, max=63854, ratio=1277.08, no_filter_ratio=2 -> apply filtering
File: walls_005.ply, points: 185005, clusters(raw/filtered): 23/4
  Avg cluster size: 8030.39, filter threshold (factor=0.7): 5621.27
  - raw cluster 0: size=220
  - raw cluster 1: size=60
  - raw cluster 2: size=36818
  - raw cluster 3: size=63854
  - raw cluster 4: size=3283
  - raw cluster 5: size=58991
  - raw cluster 6: size=330
  - raw cluster 7: size=2733
  - raw cluster 8: size=143
  - raw cluster 9: size=1468
  - raw cluster 10: size=2390
  - raw cluster 11: size=8765
  - raw cluster 12: size=155
  - raw cluster 13: size=71
  - raw cluster 14: size=119
  - raw cluster 15: size=1223
  - raw cluster 16: size=70
  - raw cluster 17: size=1671
  - raw cluster 18: size=50
  - raw cluster 19: size=137
  - raw cluster 20: size=434
  - raw cluster 21: size=1073
  - raw cluster 22: size=641
  - kept cluster 0: size=36818
  - kept cluster 1: size=63854
  - kept cluster 2: size=58991
  - kept cluster 3: size=8765
  ✓ saved UOBB: output/floor_1/room_005/results/filtered_clusters/walls_005/1-5-28_walls_uobb.ply
  ✓ saved cluster PLY: output/floor_1/room_005/results/filtered_clusters/walls_005/1-5-28_walls_cluster.ply
  ✓ saved UOBB: output/floor_1/room_005/results/filtered_clusters/walls_005/1-5-29_walls_uobb.ply
  ✓ saved cluster PLY: output/floor_1/room_005/results/filtered_clusters/walls_005/1-5-29_walls_cluster.ply
  ✓ saved UOBB: output/floor_1/room_005/results/filtered_clusters/walls_005/1-5-30_walls_uobb.ply
  ✓ saved cluster PLY: output/floor_1/room_005/results/filtered_clusters/walls_005/1-5-30_walls_cluster.ply
  ✓ saved UOBB: output/floor_1/room_005/results/filtered_clusters/walls_005/1-5-31_walls_uobb.ply
  ✓ saved cluster PLY: output/floor_1/room_005/results/filtered_clusters/walls_005/1-5-31_walls_cluster.ply
Saved 4/4 filtered clusters to: output/floor_1/room_005/results/filtered_clusters/walls_005
