  Cluster size stats: min=52, max=4269, ratio=82.0962, no_filter_ratio=2 -> apply filtering
File: plant_001.ply, points: 9243, clusters(raw/filtered): 12/5
  Avg cluster size: 765.417, filter threshold (factor=0.7): 535.792
  - raw cluster 0: size=4269
  - raw cluster 1: size=677
  - raw cluster 2: size=532
  - raw cluster 3: size=834
  - raw cluster 4: size=144
  - raw cluster 5: size=58
  - raw cluster 6: size=1331
  - raw cluster 7: size=760
  - raw cluster 8: size=210
  - raw cluster 9: size=84
  - raw cluster 10: size=234
  - raw cluster 11: size=52
  - kept cluster 0: size=4269
  - kept cluster 1: size=677
  - kept cluster 2: size=834
  - kept cluster 3: size=1331
  - kept cluster 4: size=760
  ✓ saved UOBB: output/floor_0/room_001/results/filtered_clusters/plant_001/0-1-0_plant_uobb.ply
  ✓ saved cluster PLY: output/floor_0/room_001/results/filtered_clusters/plant_001/0-1-0_plant_cluster.ply
  ✓ saved UOBB: output/floor_0/room_001/results/filtered_clusters/plant_001/0-1-1_plant_uobb.ply
  ✓ saved cluster PLY: output/floor_0/room_001/results/filtered_clusters/plant_001/0-1-1_plant_cluster.ply
  ✓ saved UOBB: output/floor_0/room_001/results/filtered_clusters/plant_001/0-1-2_plant_uobb.ply
  ✓ saved cluster PLY: output/floor_0/room_001/results/filtered_clusters/plant_001/0-1-2_plant_cluster.ply
  ✓ saved UOBB: output/floor_0/room_001/results/filtered_clusters/plant_001/0-1-3_plant_uobb.ply
  ✓ saved cluster PLY: output/floor_0/room_001/results/filtered_clusters/plant_001/0-1-3_plant_cluster.ply
  ✓ saved UOBB: output/floor_0/room_001/results/filtered_clusters/plant_001/0-1-4_plant_uobb.ply
  ✓ saved cluster PLY: output/floor_0/room_001/results/filtered_clusters/plant_001/0-1-4_plant_cluster.ply
Saved 5/5 filtered clusters to: output/floor_0/room_001/results/filtered_clusters/plant_001
  Detected *shell* -> treat as single cluster, skip clustering and filtering
File: shell_001.ply, points: 4166919, shell -> skip clustering/filtering
  ✓ saved UOBB: output/floor_0/room_001/results/shell/shell_001/0-1-5_shell_uobb.ply
  ✓ copied shell PLY: output/floor_0/room_001/results/shell/shell_001/0-1-5_shell.ply
Saved 1/1 shell UOBB to: output/floor_0/room_001/results/shell/shell_001
  Cluster size stats: min=54, max=119535, ratio=2213.61, no_filter_ratio=2 -> apply filtering
File: table_001.ply, points: 171496, clusters(raw/filtered): 11/3
  Avg cluster size: 15584.2, filter threshold (factor=0.7): 10908.9
  - raw cluster 0: size=119535
  - raw cluster 1: size=15296
  - raw cluster 2: size=191
  - raw cluster 3: size=54
  - raw cluster 4: size=35768
  - raw cluster 5: size=107
  - raw cluster 6: size=61
  - raw cluster 7: size=149
  - raw cluster 8: size=129
  - raw cluster 9: size=73
  - raw cluster 10: size=63
  - kept cluster 0: size=119535
  - kept cluster 1: size=15296
  - kept cluster 2: size=35768
  ✓ saved UOBB: output/floor_0/room_001/results/filtered_clusters/table_001/0-1-6_table_uobb.ply
  ✓ saved cluster PLY: output/floor_0/room_001/results/filtered_clusters/table_001/0-1-6_table_cluster.ply
  ✓ saved UOBB: output/floor_0/room_001/results/filtered_clusters/table_001/0-1-7_table_uobb.ply
  ✓ saved cluster PLY: output/floor_0/room_001/results/filtered_clusters/table_001/0-1-7_table_cluster.ply
  ✓ saved UOBB: output/floor_0/room_001/results/filtered_clusters/table_001/0-1-8_table_uobb.ply
  ✓ saved cluster PLY: output/floor_0/room_001/results/filtered_clusters/table_001/0-1-8_table_cluster.ply
Saved 3/3 filtered clusters to: output/floor_0/room_001/results/filtered_clusters/table_001
  Cluster size stats: min=60, max=138159, ratio=2302.65, no_filter_ratio=2 -> apply filtering
File: floor_001.ply, points: 182510, clusters(raw/filtered): 4/1
  Avg cluster size: 45618, filter threshold (factor=0.7): 31932.6
  - raw cluster 0: size=25879
  - raw cluster 1: size=138159
  - raw cluster 2: size=18374
  - raw cluster 3: size=60
  - kept cluster 0: size=138159
  ✓ saved UOBB: output/floor_0/room_001/results/filtered_clusters/floor_001/0-1-9_floor_uobb.ply
  ✓ saved cluster PLY: output/floor_0/room_001/results/filtered_clusters/floor_001/0-1-9_floor_cluster.ply
Saved 1/1 filtered clusters to: output/floor_0/room_001/results/filtered_clusters/floor_001
  Cluster size stats: min=568, max=36422, ratio=64.1232, no_filter_ratio=2 -> apply filtering
File: chair_001.ply, points: 111331, clusters(raw/filtered): 7/4
  Avg cluster size: 15899.6, filter threshold (factor=0.7): 11129.7
  - raw cluster 0: size=27393
  - raw cluster 1: size=14383
  - raw cluster 2: size=9041
  - raw cluster 3: size=36422
  - raw cluster 4: size=18176
  - raw cluster 5: size=5314
  - raw cluster 6: size=568
  - kept cluster 0: size=27393
  - kept cluster 1: size=14383
  - kept cluster 2: size=36422
  - kept cluster 3: size=18176
  ✓ saved UOBB: output/floor_0/room_001/results/filtered_clusters/chair_001/0-1-10_chair_uobb.ply
  ✓ saved cluster PLY: output/floor_0/room_001/results/filtered_clusters/chair_001/0-1-10_chair_cluster.ply
  ✓ saved UOBB: output/floor_0/room_001/results/filtered_clusters/chair_001/0-1-11_chair_uobb.ply
  ✓ saved cluster PLY: output/floor_0/room_001/results/filtered_clusters/chair_001/0-1-11_chair_cluster.ply
  ✓ saved UOBB: output/floor_0/room_001/results/filtered_clusters/chair_001/0-1-12_chair_uobb.ply
  ✓ saved cluster PLY: output/floor_0/room_001/results/filtered_clusters/chair_001/0-1-12_chair_cluster.ply
  ✓ saved UOBB: output/floor_0/room_001/results/filtered_clusters/chair_001/0-1-13_chair_uobb.ply
  ✓ saved cluster PLY: output/floor_0/room_001/results/filtered_clusters/chair_001/0-1-13_chair_cluster.ply
Saved 4/4 filtered clusters to: output/floor_0/room_001/results/filtered_clusters/chair_001
  Cluster size stats: min=51, max=626565, ratio=12285.6, no_filter_ratio=2 -> apply filtering
File: combined_001.ply, points: 1785507, clusters(raw/filtered): 114/17
  Avg cluster size: 15651.6, filter threshold (factor=0.7): 10956.1
  - raw cluster 0: size=138
  - raw cluster 1: size=63606
  - raw cluster 2: size=1133
  - raw cluster 3: size=80
  - raw cluster 4: size=626565
  - raw cluster 5: size=67
  - raw cluster 6: size=3059
  - raw cluster 7: size=265
  - raw cluster 8: size=271
  - raw cluster 9: size=132
  - raw cluster 10: size=71
  - raw cluster 11: size=164
  - raw cluster 12: size=1571
  - raw cluster 13: size=168
  - raw cluster 14: size=2767
  - raw cluster 15: size=6281
  - raw cluster 16: size=146
  - raw cluster 17: size=1054
  - raw cluster 18: size=243
  - raw cluster 19: size=679
  - raw cluster 20: size=140
  - raw cluster 21: size=321542
  - raw cluster 22: size=364
  - raw cluster 23: size=3966
  - raw cluster 24: size=464
  - raw cluster 25: size=729
  - raw cluster 26: size=78
  - raw cluster 27: size=1037
  - raw cluster 28: size=21483
  - raw cluster 29: size=97492
  - raw cluster 30: size=2452
  - raw cluster 31: size=341
  - raw cluster 32: size=106
  - raw cluster 33: size=72
  - raw cluster 34: size=7809
  - raw cluster 35: size=204
  - raw cluster 36: size=145
  - raw cluster 37: size=3162
  - raw cluster 38: size=174
  - raw cluster 39: size=1654
  - raw cluster 40: size=51
  - raw cluster 41: size=171
  - raw cluster 42: size=1619
  - raw cluster 43: size=19535
  - raw cluster 44: size=221
  - raw cluster 45: size=111
  - raw cluster 46: size=14229
  - raw cluster 47: size=65
  - raw cluster 48: size=4891
  - raw cluster 49: size=820
  - raw cluster 50: size=280
  - raw cluster 51: size=264
  - raw cluster 52: size=105
  - raw cluster 53: size=4269
  - raw cluster 54: size=532
  - raw cluster 55: size=144
  - raw cluster 56: size=58
  - raw cluster 57: size=1331
  - raw cluster 58: size=760
  - raw cluster 59: size=210
  - raw cluster 60: size=84
  - raw cluster 61: size=234
  - raw cluster 62: size=52
  - raw cluster 63: size=8876
  - raw cluster 64: size=78
  - raw cluster 65: size=217
  - raw cluster 66: size=98553
  - raw cluster 67: size=58
  - raw cluster 68: size=7600
  - raw cluster 69: size=9741
  - raw cluster 70: size=10208
  - raw cluster 71: size=9778
  - raw cluster 72: size=11826
  - raw cluster 73: size=472
  - raw cluster 74: size=312
  - raw cluster 75: size=207
  - raw cluster 76: size=993
  - raw cluster 77: size=59
  - raw cluster 78: size=13382
  - raw cluster 79: size=12521
  - raw cluster 80: size=164998
  - raw cluster 81: size=15296
  - raw cluster 82: size=203
  - raw cluster 83: size=54
  - raw cluster 84: size=104874
  - raw cluster 85: size=149
  - raw cluster 86: size=129
  - raw cluster 87: size=18207
  - raw cluster 88: size=73
  - raw cluster 89: size=27456
  - raw cluster 90: size=14383
  - raw cluster 91: size=5314
  - raw cluster 92: size=568
  - raw cluster 93: size=1661
  - raw cluster 94: size=115
  - raw cluster 95: size=7632
  - raw cluster 96: size=1346
  - raw cluster 97: size=75
  - raw cluster 98: size=1188
  - raw cluster 99: size=6797
  - raw cluster 100: size=1831
  - raw cluster 101: size=392
  - raw cluster 102: size=77
  - raw cluster 103: size=87
  - raw cluster 104: size=158
  - raw cluster 105: size=332
  - raw cluster 106: size=77
  - raw cluster 107: size=2720
  - raw cluster 108: size=102
  - raw cluster 109: size=71
  - raw cluster 110: size=293
  - raw cluster 111: size=88
  - raw cluster 112: size=681
  - raw cluster 113: size=60
  - kept cluster 0: size=63606
  - kept cluster 1: size=626565
  - kept cluster 2: size=321542
  - kept cluster 3: size=21483
  - kept cluster 4: size=97492
  - kept cluster 5: size=19535
  - kept cluster 6: size=14229
  - kept cluster 7: size=98553
  - kept cluster 8: size=11826
  - kept cluster 9: size=13382
  - kept cluster 10: size=12521
  - kept cluster 11: size=164998
  - kept cluster 12: size=15296
  - kept cluster 13: size=104874
  - kept cluster 14: size=18207
  - kept cluster 15: size=27456
  - kept cluster 16: size=14383
  ✓ saved UOBB: output/floor_0/room_001/results/filtered_clusters/combined_001/0-1-14_combined_uobb.ply
  ✓ saved cluster PLY: output/floor_0/room_001/results/filtered_clusters/combined_001/0-1-14_combined_cluster.ply
  ✓ saved UOBB: output/floor_0/room_001/results/filtered_clusters/combined_001/0-1-15_combined_uobb.ply
  ✓ saved cluster PLY: output/floor_0/room_001/results/filtered_clusters/combined_001/0-1-15_combined_cluster.ply
  ✓ saved UOBB: output/floor_0/room_001/results/filtered_clusters/combined_001/0-1-16_combined_uobb.ply
  ✓ saved cluster PLY: output/floor_0/room_001/results/filtered_clusters/combined_001/0-1-16_combined_cluster.ply
  ✓ saved UOBB: output/floor_0/room_001/results/filtered_clusters/combined_001/0-1-17_combined_uobb.ply
  ✓ saved cluster PLY: output/floor_0/room_001/results/filtered_clusters/combined_001/0-1-17_combined_cluster.ply
  ✓ saved UOBB: output/floor_0/room_001/results/filtered_clusters/combined_001/0-1-18_combined_uobb.ply
  ✓ saved cluster PLY: output/floor_0/room_001/results/filtered_clusters/combined_001/0-1-18_combined_cluster.ply
  ✓ saved UOBB: output/floor_0/room_001/results/filtered_clusters/combined_001/0-1-19_combined_uobb.ply
  ✓ saved cluster PLY: output/floor_0/room_001/results/filtered_clusters/combined_001/0-1-19_combined_cluster.ply
  ✓ saved UOBB: output/floor_0/room_001/results/filtered_clusters/combined_001/0-1-20_combined_uobb.ply
  ✓ saved cluster PLY: output/floor_0/room_001/results/filtered_clusters/combined_001/0-1-20_combined_cluster.ply
  ✓ saved UOBB: output/floor_0/room_001/results/filtered_clusters/combined_001/0-1-21_combined_uobb.ply
  ✓ saved cluster PLY: output/floor_0/room_001/results/filtered_clusters/combined_001/0-1-21_combined_cluster.ply
  ✓ saved UOBB: output/floor_0/room_001/results/filtered_clusters/combined_001/0-1-22_combined_uobb.ply
  ✓ saved cluster PLY: output/floor_0/room_001/results/filtered_clusters/combined_001/0-1-22_combined_cluster.ply
  ✓ saved UOBB: output/floor_0/room_001/results/filtered_clusters/combined_001/0-1-23_combined_uobb.ply
  ✓ saved cluster PLY: output/floor_0/room_001/results/filtered_clusters/combined_001/0-1-23_combined_cluster.ply
  ✓ saved UOBB: output/floor_0/room_001/results/filtered_clusters/combined_001/0-1-24_combined_uobb.ply
  ✓ saved cluster PLY: output/floor_0/room_001/results/filtered_clusters/combined_001/0-1-24_combined_cluster.ply
  ✓ saved UOBB: output/floor_0/room_001/results/filtered_clusters/combined_001/0-1-25_combined_uobb.ply
  ✓ saved cluster PLY: output/floor_0/room_001/results/filtered_clusters/combined_001/0-1-25_combined_cluster.ply
  ✓ saved UOBB: output/floor_0/room_001/results/filtered_clusters/combined_001/0-1-26_combined_uobb.ply
  ✓ saved cluster PLY: output/floor_0/room_001/results/filtered_clusters/combined_001/0-1-26_combined_cluster.ply
  ✓ saved UOBB: output/floor_0/room_001/results/filtered_clusters/combined_001/0-1-27_combined_uobb.ply
  ✓ saved cluster PLY: output/floor_0/room_001/results/filtered_clusters/combined_001/0-1-27_combined_cluster.ply
  ✓ saved UOBB: output/floor_0/room_001/results/filtered_clusters/combined_001/0-1-28_combined_uobb.ply
  ✓ saved cluster PLY: output/floor_0/room_001/results/filtered_clusters/combined_001/0-1-28_combined_cluster.ply
  ✓ saved UOBB: output/floor_0/room_001/results/filtered_clusters/combined_001/0-1-29_combined_uobb.ply
  ✓ saved cluster PLY: output/floor_0/room_001/results/filtered_clusters/combined_001/0-1-29_combined_cluster.ply
  ✓ saved UOBB: output/floor_0/room_001/results/filtered_clusters/combined_001/0-1-30_combined_uobb.ply
  ✓ saved cluster PLY: output/floor_0/room_001/results/filtered_clusters/combined_001/0-1-30_combined_cluster.ply
Saved 17/17 filtered clusters to: output/floor_0/room_001/results/filtered_clusters/combined_001
  Cluster size stats: min=81, max=37100, ratio=458.025, no_filter_ratio=2 -> apply filtering
File: ceiling_001.ply, points: 87865, clusters(raw/filtered): 14/4
  Avg cluster size: 6271.14, filter threshold (factor=0.7): 4389.8
  - raw cluster 0: size=20333
  - raw cluster 1: size=37100
  - raw cluster 2: size=10613
  - raw cluster 3: size=136
  - raw cluster 4: size=87
  - raw cluster 5: size=241
  - raw cluster 6: size=81
  - raw cluster 7: size=16391
  - raw cluster 8: size=470
  - raw cluster 9: size=1479
  - raw cluster 10: size=215
  - raw cluster 11: size=297
  - raw cluster 12: size=95
  - raw cluster 13: size=258
  - kept cluster 0: size=20333
  - kept cluster 1: size=37100
  - kept cluster 2: size=10613
  - kept cluster 3: size=16391
  ✓ saved UOBB: output/floor_0/room_001/results/filtered_clusters/ceiling_001/0-1-31_ceiling_uobb.ply
  ✓ saved cluster PLY: output/floor_0/room_001/results/filtered_clusters/ceiling_001/0-1-31_ceiling_cluster.ply
  ✓ saved UOBB: output/floor_0/room_001/results/filtered_clusters/ceiling_001/0-1-32_ceiling_uobb.ply
  ✓ saved cluster PLY: output/floor_0/room_001/results/filtered_clusters/ceiling_001/0-1-32_ceiling_cluster.ply
  ✓ saved UOBB: output/floor_0/room_001/results/filtered_clusters/ceiling_001/0-1-33_ceiling_uobb.ply
  ✓ saved cluster PLY: output/floor_0/room_001/results/filtered_clusters/ceiling_001/0-1-33_ceiling_cluster.ply
  ✓ saved UOBB: output/floor_0/room_001/results/filtered_clusters/ceiling_001/0-1-34_ceiling_uobb.ply
  ✓ saved cluster PLY: output/floor_0/room_001/results/filtered_clusters/ceiling_001/0-1-34_ceiling_cluster.ply
Saved 4/4 filtered clusters to: output/floor_0/room_001/results/filtered_clusters/ceiling_001
  Cluster size stats: min=78, max=124789, ratio=1599.86, no_filter_ratio=2 -> apply filtering
File: curtain_001.ply, points: 235200, clusters(raw/filtered): 5/2
  Avg cluster size: 47020.8, filter threshold (factor=0.7): 32914.6
  - raw cluster 0: size=110023
  - raw cluster 1: size=124789
  - raw cluster 2: size=109
  - raw cluster 3: size=105
  - raw cluster 4: size=78
  - kept cluster 0: size=110023
  - kept cluster 1: size=124789
  ✓ saved UOBB: output/floor_0/room_001/results/filtered_clusters/curtain_001/0-1-35_curtain_uobb.ply
  ✓ saved cluster PLY: output/floor_0/room_001/results/filtered_clusters/curtain_001/0-1-35_curtain_cluster.ply
  ✓ saved UOBB: output/floor_0/room_001/results/filtered_clusters/curtain_001/0-1-36_curtain_uobb.ply
  ✓ saved cluster PLY: output/floor_0/room_001/results/filtered_clusters/curtain_001/0-1-36_curtain_cluster.ply
Saved 2/2 filtered clusters to: output/floor_0/room_001/results/filtered_clusters/curtain_001
  Cluster size stats: min=51, max=296001, ratio=5803.94, no_filter_ratio=2 -> apply filtering
File: walls_001.ply, points: 635349, clusters(raw/filtered): 7/2
  Avg cluster size: 90753.7, filter threshold (factor=0.7): 63527.6
  - raw cluster 0: size=43732
  - raw cluster 1: size=293502
  - raw cluster 2: size=296001
  - raw cluster 3: size=1382
  - raw cluster 4: size=51
  - raw cluster 5: size=493
  - raw cluster 6: size=115
  - kept cluster 0: size=293502
  - kept cluster 1: size=296001
  ✓ saved UOBB: output/floor_0/room_001/results/filtered_clusters/walls_001/0-1-37_walls_uobb.ply
  ✓ saved cluster PLY: output/floor_0/room_001/results/filtered_clusters/walls_001/0-1-37_walls_cluster.ply
  ✓ saved UOBB: output/floor_0/room_001/results/filtered_clusters/walls_001/0-1-38_walls_uobb.ply
  ✓ saved cluster PLY: output/floor_0/room_001/results/filtered_clusters/walls_001/0-1-38_walls_cluster.ply
Saved 2/2 filtered clusters to: output/floor_0/room_001/results/filtered_clusters/walls_001
  Cluster size stats: min=72, max=385802, ratio=5358.36, no_filter_ratio=2 -> apply filtering
File: window_001.ply, points: 506876, clusters(raw/filtered): 23/2
  Avg cluster size: 22029, filter threshold (factor=0.7): 15420.3
  - raw cluster 0: size=3966
  - raw cluster 1: size=385802
  - raw cluster 2: size=80
  - raw cluster 3: size=704
  - raw cluster 4: size=464
  - raw cluster 5: size=729
  - raw cluster 6: size=78
  - raw cluster 7: size=1037
  - raw cluster 8: size=194
  - raw cluster 9: size=96658
  - raw cluster 10: size=215
  - raw cluster 11: size=341
  - raw cluster 12: size=106
  - raw cluster 13: size=72
  - raw cluster 14: size=73
  - raw cluster 15: size=7809
  - raw cluster 16: size=204
  - raw cluster 17: size=145
  - raw cluster 18: size=3162
  - raw cluster 19: size=174
  - raw cluster 20: size=917
  - raw cluster 21: size=1654
  - raw cluster 22: size=2083
  - kept cluster 0: size=385802
  - kept cluster 1: size=96658
  ✓ saved UOBB: output/floor_0/room_001/results/filtered_clusters/window_001/0-1-39_window_uobb.ply
  ✓ saved cluster PLY: output/floor_0/room_001/results/filtered_clusters/window_001/0-1-39_window_cluster.ply
  ✓ saved UOBB: output/floor_0/room_001/results/filtered_clusters/window_001/0-1-40_window_uobb.ply
  ✓ saved cluster PLY: output/floor_0/room_001/results/filtered_clusters/window_001/0-1-40_window_cluster.ply
Saved 2/2 filtered clusters to: output/floor_0/room_001/results/filtered_clusters/window_001
  Cluster size stats: min=51, max=186727, ratio=3661.31, no_filter_ratio=2 -> apply filtering
File: door_001.ply, points: 233712, clusters(raw/filtered): 17/3
  Avg cluster size: 13735.4, filter threshold (factor=0.7): 9614.79
  - raw cluster 0: size=51
  - raw cluster 1: size=186727
  - raw cluster 2: size=171
  - raw cluster 3: size=1619
  - raw cluster 4: size=19535
  - raw cluster 5: size=221
  - raw cluster 6: size=111
  - raw cluster 7: size=285
  - raw cluster 8: size=216
  - raw cluster 9: size=15904
  - raw cluster 10: size=2237
  - raw cluster 11: size=65
  - raw cluster 12: size=4891
  - raw cluster 13: size=820
  - raw cluster 14: size=280
  - raw cluster 15: size=264
  - raw cluster 16: size=105
  - kept cluster 0: size=186727
  - kept cluster 1: size=19535
  - kept cluster 2: size=15904
  ✓ saved UOBB: output/floor_0/room_001/results/filtered_clusters/door_001/0-1-41_door_uobb.ply
  ✓ saved cluster PLY: output/floor_0/room_001/results/filtered_clusters/door_001/0-1-41_door_cluster.ply
  ✓ saved UOBB: output/floor_0/room_001/results/filtered_clusters/door_001/0-1-42_door_uobb.ply
  ✓ saved cluster PLY: output/floor_0/room_001/results/filtered_clusters/door_001/0-1-42_door_cluster.ply
  ✓ saved UOBB: output/floor_0/room_001/results/filtered_clusters/door_001/0-1-43_door_uobb.ply
  ✓ saved cluster PLY: output/floor_0/room_001/results/filtered_clusters/door_001/0-1-43_door_cluster.ply
Saved 3/3 filtered clusters to: output/floor_0/room_001/results/filtered_clusters/door_001
