  Cluster size stats: min=1113, max=1368, ratio=1.22911, no_filter_ratio=2 -> skip filtering
File: table_005.ply, points: 2550, clusters(raw/filtered): 2/2
  Avg cluster size: 1240.5, filter threshold (factor=0.7): 868.35
  - raw cluster 0: size=1113
  - raw cluster 1: size=1368
  - kept cluster 0: size=1113
  - kept cluster 1: size=1368
  ✓ saved UOBB: ../output/client_room/floor_1/room_005/diagnostics/filtered_clusters/table_005/table_005_cluster_0_uobb.ply
  ✓ saved UOBB: ../output/client_room/floor_1/room_005/diagnostics/filtered_clusters/table_005/table_005_cluster_1_uobb.ply
Saved 2/2 filtered clusters to: ../output/client_room/floor_1/room_005/diagnostics/filtered_clusters/table_005
  Detected *shell* -> treat as single cluster, skip clustering and filtering
File: shell_005.ply, points: 1218384, clusters(raw/filtered): 1/1
  Avg cluster size: 1.21838e+06, filter threshold (factor=0.7): 852869
  - raw cluster 0: size=1218384
  - kept cluster 0: size=1218384
  ✓ saved UOBB: ../output/client_room/floor_1/room_005/diagnostics/filtered_clusters/shell_005/shell_005_cluster_0_uobb.ply
Saved 1/1 filtered clusters to: ../output/client_room/floor_1/room_005/diagnostics/filtered_clusters/shell_005
  Cluster size stats: min=14861, max=55788, ratio=3.75399, no_filter_ratio=2 -> apply filtering
File: door_005.ply, points: 70665, clusters(raw/filtered): 2/1
  Avg cluster size: 35324.5, filter threshold (factor=0.7): 24727.1
  - raw cluster 0: size=55788
  - raw cluster 1: size=14861
  - kept cluster 0: size=55788
  ✓ saved UOBB: ../output/client_room/floor_1/room_005/diagnostics/filtered_clusters/door_005/door_005_cluster_0_uobb.ply
Saved 1/1 filtered clusters to: ../output/client_room/floor_1/room_005/diagnostics/filtered_clusters/door_005
  Cluster size stats: min=161, max=5800, ratio=36.0248, no_filter_ratio=2 -> apply filtering
File: window_005.ply, points: 6172, clusters(raw/filtered): 3/1
  Avg cluster size: 2054.33, filter threshold (factor=0.7): 1438.03
  - raw cluster 0: size=161
  - raw cluster 1: size=5800
  - raw cluster 2: size=202
  - kept cluster 0: size=5800
  ✓ saved UOBB: ../output/client_room/floor_1/room_005/diagnostics/filtered_clusters/window_005/window_005_cluster_0_uobb.ply
Saved 1/1 filtered clusters to: ../output/client_room/floor_1/room_005/diagnostics/filtered_clusters/window_005
