  Cluster size stats: min=63, max=26357, ratio=418.365, no_filter_ratio=2 -> apply filtering
File: table_005.ply, points: 56992, clusters(raw/filtered): 7/3
  Avg cluster size: 8122.57, filter threshold (factor=0.7): 5685.8
  - raw cluster 0: size=26357
  - raw cluster 1: size=397
  - raw cluster 2: size=22514
  - raw cluster 3: size=6176
  - raw cluster 4: size=836
  - raw cluster 5: size=515
  - raw cluster 6: size=63
  - kept cluster 0: size=26357
  - kept cluster 1: size=22514
  - kept cluster 2: size=6176
  ✓ saved UOBB: output/floor_0/room_005/results/filtered_clusters/table_005/0-7-0_table_uobb.ply
  ✓ saved cluster PLY: output/floor_0/room_005/results/filtered_clusters/table_005/0-7-0_table_cluster.ply
  ✓ saved UOBB: output/floor_0/room_005/results/filtered_clusters/table_005/0-7-1_table_uobb.ply
  ✓ saved cluster PLY: output/floor_0/room_005/results/filtered_clusters/table_005/0-7-1_table_cluster.ply
  ✓ saved UOBB: output/floor_0/room_005/results/filtered_clusters/table_005/0-7-2_table_uobb.ply
  ✓ saved cluster PLY: output/floor_0/room_005/results/filtered_clusters/table_005/0-7-2_table_cluster.ply
Saved 3/3 filtered clusters to: output/floor_0/room_005/results/filtered_clusters/table_005
  Detected *shell* -> treat as single cluster, skip clustering and filtering
File: shell_005.ply, points: 3536854, shell -> skip clustering/filtering
  ✓ saved UOBB: output/floor_0/room_005/results/shell/shell_005/0-7-3_shell_uobb.ply
  ✓ copied shell PLY: output/floor_0/room_005/results/shell/shell_005/0-7-3_shell.ply
Saved 1/1 shell UOBB to: output/floor_0/room_005/results/shell/shell_005
  Cluster size stats: min=55, max=1195, ratio=21.7273, no_filter_ratio=2 -> apply filtering
File: plant_005.ply, points: 5463, clusters(raw/filtered): 14/7
  Avg cluster size: 363.857, filter threshold (factor=0.7): 254.7
  - raw cluster 0: size=118
  - raw cluster 1: size=82
  - raw cluster 2: size=621
  - raw cluster 3: size=1195
  - raw cluster 4: size=167
  - raw cluster 5: size=614
  - raw cluster 6: size=340
  - raw cluster 7: size=69
  - raw cluster 8: size=345
  - raw cluster 9: size=754
  - raw cluster 10: size=193
  - raw cluster 11: size=145
  - raw cluster 12: size=55
  - raw cluster 13: size=396
  - kept cluster 0: size=621
  - kept cluster 1: size=1195
  - kept cluster 2: size=614
  - kept cluster 3: size=340
  - kept cluster 4: size=345
  - kept cluster 5: size=754
  - kept cluster 6: size=396
  ✓ saved UOBB: output/floor_0/room_005/results/filtered_clusters/plant_005/0-7-4_plant_uobb.ply
  ✓ saved cluster PLY: output/floor_0/room_005/results/filtered_clusters/plant_005/0-7-4_plant_cluster.ply
  ✓ saved UOBB: output/floor_0/room_005/results/filtered_clusters/plant_005/0-7-5_plant_uobb.ply
  ✓ saved cluster PLY: output/floor_0/room_005/results/filtered_clusters/plant_005/0-7-5_plant_cluster.ply
  ✓ saved UOBB: output/floor_0/room_005/results/filtered_clusters/plant_005/0-7-6_plant_uobb.ply
  ✓ saved cluster PLY: output/floor_0/room_005/results/filtered_clusters/plant_005/0-7-6_plant_cluster.ply
  ✓ saved UOBB: output/floor_0/room_005/results/filtered_clusters/plant_005/0-7-7_plant_uobb.ply
  ✓ saved cluster PLY: output/floor_0/room_005/results/filtered_clusters/plant_005/0-7-7_plant_cluster.ply
  ✓ saved UOBB: output/floor_0/room_005/results/filtered_clusters/plant_005/0-7-8_plant_uobb.ply
  ✓ saved cluster PLY: output/floor_0/room_005/results/filtered_clusters/plant_005/0-7-8_plant_cluster.ply
  ✓ saved UOBB: output/floor_0/room_005/results/filtered_clusters/plant_005/0-7-9_plant_uobb.ply
  ✓ saved cluster PLY: output/floor_0/room_005/results/filtered_clusters/plant_005/0-7-9_plant_cluster.ply
  ✓ saved UOBB: output/floor_0/room_005/results/filtered_clusters/plant_005/0-7-10_plant_uobb.ply
  ✓ saved cluster PLY: output/floor_0/room_005/results/filtered_clusters/plant_005/0-7-10_plant_cluster.ply
Saved 7/7 filtered clusters to: output/floor_0/room_005/results/filtered_clusters/plant_005
  Cluster size stats: min=50, max=635141, ratio=12702.8, no_filter_ratio=2 -> apply filtering
File: combined_005.ply, points: 2081608, clusters(raw/filtered): 93/9
  Avg cluster size: 22370.2, filter threshold (factor=0.7): 15659.1
  - raw cluster 0: size=886
  - raw cluster 1: size=2357
  - raw cluster 2: size=873
  - raw cluster 3: size=28235
  - raw cluster 4: size=23635
  - raw cluster 5: size=429231
  - raw cluster 6: size=6628
  - raw cluster 7: size=12332
  - raw cluster 8: size=6232
  - raw cluster 9: size=1147
  - raw cluster 10: size=635141
  - raw cluster 11: size=571
  - raw cluster 12: size=68
  - raw cluster 13: size=138
  - raw cluster 14: size=496
  - raw cluster 15: size=2088
  - raw cluster 16: size=94
  - raw cluster 17: size=74
  - raw cluster 18: size=81
  - raw cluster 19: size=166
  - raw cluster 20: size=1303
  - raw cluster 21: size=464
  - raw cluster 22: size=70
  - raw cluster 23: size=362
  - raw cluster 24: size=139
  - raw cluster 25: size=680
  - raw cluster 26: size=104
  - raw cluster 27: size=195449
  - raw cluster 28: size=11919
  - raw cluster 29: size=273359
  - raw cluster 30: size=160452
  - raw cluster 31: size=123
  - raw cluster 32: size=4051
  - raw cluster 33: size=7127
  - raw cluster 34: size=262
  - raw cluster 35: size=137
  - raw cluster 36: size=52
  - raw cluster 37: size=396
  - raw cluster 38: size=184
  - raw cluster 39: size=787
  - raw cluster 40: size=87
  - raw cluster 41: size=530
  - raw cluster 42: size=2440
  - raw cluster 43: size=70
  - raw cluster 44: size=118
  - raw cluster 45: size=82
  - raw cluster 46: size=621
  - raw cluster 47: size=1195
  - raw cluster 48: size=167
  - raw cluster 49: size=614
  - raw cluster 50: size=340
  - raw cluster 51: size=69
  - raw cluster 52: size=345
  - raw cluster 53: size=754
  - raw cluster 54: size=193
  - raw cluster 55: size=145
  - raw cluster 56: size=55
  - raw cluster 57: size=396
  - raw cluster 58: size=152
  - raw cluster 59: size=82
  - raw cluster 60: size=8132
  - raw cluster 61: size=165121
  - raw cluster 62: size=1103
  - raw cluster 63: size=501
  - raw cluster 64: size=1917
  - raw cluster 65: size=26357
  - raw cluster 66: size=397
  - raw cluster 67: size=92
  - raw cluster 68: size=6634
  - raw cluster 69: size=515
  - raw cluster 70: size=6351
  - raw cluster 71: size=921
  - raw cluster 72: size=3563
  - raw cluster 73: size=5160
  - raw cluster 74: size=90
  - raw cluster 75: size=302
  - raw cluster 76: size=7480
  - raw cluster 77: size=159
  - raw cluster 78: size=10061
  - raw cluster 79: size=109
  - raw cluster 80: size=5882
  - raw cluster 81: size=50
  - raw cluster 82: size=108
  - raw cluster 83: size=5042
  - raw cluster 84: size=4613
  - raw cluster 85: size=377
  - raw cluster 86: size=75
  - raw cluster 87: size=1663
  - raw cluster 88: size=503
  - raw cluster 89: size=260
  - raw cluster 90: size=403
  - raw cluster 91: size=60
  - raw cluster 92: size=80
  - kept cluster 0: size=28235
  - kept cluster 1: size=23635
  - kept cluster 2: size=429231
  - kept cluster 3: size=635141
  - kept cluster 4: size=195449
  - kept cluster 5: size=273359
  - kept cluster 6: size=160452
  - kept cluster 7: size=165121
  - kept cluster 8: size=26357
  ✓ saved UOBB: output/floor_0/room_005/results/filtered_clusters/combined_005/0-7-11_combined_uobb.ply
  ✓ saved cluster PLY: output/floor_0/room_005/results/filtered_clusters/combined_005/0-7-11_combined_cluster.ply
  ✓ saved UOBB: output/floor_0/room_005/results/filtered_clusters/combined_005/0-7-12_combined_uobb.ply
  ✓ saved cluster PLY: output/floor_0/room_005/results/filtered_clusters/combined_005/0-7-12_combined_cluster.ply
  ✓ saved UOBB: output/floor_0/room_005/results/filtered_clusters/combined_005/0-7-13_combined_uobb.ply
  ✓ saved cluster PLY: output/floor_0/room_005/results/filtered_clusters/combined_005/0-7-13_combined_cluster.ply
  ✓ saved UOBB: output/floor_0/room_005/results/filtered_clusters/combined_005/0-7-14_combined_uobb.ply
  ✓ saved cluster PLY: output/floor_0/room_005/results/filtered_clusters/combined_005/0-7-14_combined_cluster.ply
  ✓ saved UOBB: output/floor_0/room_005/results/filtered_clusters/combined_005/0-7-15_combined_uobb.ply
  ✓ saved cluster PLY: output/floor_0/room_005/results/filtered_clusters/combined_005/0-7-15_combined_cluster.ply
  ✓ saved UOBB: output/floor_0/room_005/results/filtered_clusters/combined_005/0-7-16_combined_uobb.ply
  ✓ saved cluster PLY: output/floor_0/room_005/results/filtered_clusters/combined_005/0-7-16_combined_cluster.ply
  ✓ saved UOBB: output/floor_0/room_005/results/filtered_clusters/combined_005/0-7-17_combined_uobb.ply
  ✓ saved cluster PLY: output/floor_0/room_005/results/filtered_clusters/combined_005/0-7-17_combined_cluster.ply
  ✓ saved UOBB: output/floor_0/room_005/results/filtered_clusters/combined_005/0-7-18_combined_uobb.ply
  ✓ saved cluster PLY: output/floor_0/room_005/results/filtered_clusters/combined_005/0-7-18_combined_cluster.ply
  ✓ saved UOBB: output/floor_0/room_005/results/filtered_clusters/combined_005/0-7-19_combined_uobb.ply
  ✓ saved cluster PLY: output/floor_0/room_005/results/filtered_clusters/combined_005/0-7-19_combined_cluster.ply
Saved 9/9 filtered clusters to: output/floor_0/room_005/results/filtered_clusters/combined_005
  Cluster size stats: min=69, max=5160, ratio=74.7826, no_filter_ratio=2 -> apply filtering
File: chair_005.ply, points: 13029, clusters(raw/filtered): 7/3
  Avg cluster size: 1836.57, filter threshold (factor=0.7): 1285.6
  - raw cluster 0: size=921
  - raw cluster 1: size=3563
  - raw cluster 2: size=5160
  - raw cluster 3: size=69
  - raw cluster 4: size=438
  - raw cluster 5: size=1553
  - raw cluster 6: size=1152
  - kept cluster 0: size=3563
  - kept cluster 1: size=5160
  - kept cluster 2: size=1553
  ✓ saved UOBB: output/floor_0/room_005/results/filtered_clusters/chair_005/0-7-20_chair_uobb.ply
  ✓ saved cluster PLY: output/floor_0/room_005/results/filtered_clusters/chair_005/0-7-20_chair_cluster.ply
  ✓ saved UOBB: output/floor_0/room_005/results/filtered_clusters/chair_005/0-7-21_chair_uobb.ply
  ✓ saved cluster PLY: output/floor_0/room_005/results/filtered_clusters/chair_005/0-7-21_chair_cluster.ply
  ✓ saved UOBB: output/floor_0/room_005/results/filtered_clusters/chair_005/0-7-22_chair_uobb.ply
  ✓ saved cluster PLY: output/floor_0/room_005/results/filtered_clusters/chair_005/0-7-22_chair_cluster.ply
Saved 3/3 filtered clusters to: output/floor_0/room_005/results/filtered_clusters/chair_005
  Cluster size stats: min=102, max=613012, ratio=6009.92, no_filter_ratio=2 -> apply filtering
File: floor_005.ply, points: 716894, clusters(raw/filtered): 17/2
  Avg cluster size: 42154.2, filter threshold (factor=0.7): 29507.9
  - raw cluster 0: size=613012
  - raw cluster 1: size=204
  - raw cluster 2: size=220
  - raw cluster 3: size=176
  - raw cluster 4: size=19543
  - raw cluster 5: size=68694
  - raw cluster 6: size=489
  - raw cluster 7: size=1785
  - raw cluster 8: size=3519
  - raw cluster 9: size=5465
  - raw cluster 10: size=1311
  - raw cluster 11: size=123
  - raw cluster 12: size=102
  - raw cluster 13: size=247
  - raw cluster 14: size=1035
  - raw cluster 15: size=298
  - raw cluster 16: size=398
  - kept cluster 0: size=613012
  - kept cluster 1: size=68694
  ✓ saved UOBB: output/floor_0/room_005/results/filtered_clusters/floor_005/0-7-23_floor_uobb.ply
  ✓ saved cluster PLY: output/floor_0/room_005/results/filtered_clusters/floor_005/0-7-23_floor_cluster.ply
  ✓ saved UOBB: output/floor_0/room_005/results/filtered_clusters/floor_005/0-7-24_floor_uobb.ply
  ✓ saved cluster PLY: output/floor_0/room_005/results/filtered_clusters/floor_005/0-7-24_floor_cluster.ply
Saved 2/2 filtered clusters to: output/floor_0/room_005/results/filtered_clusters/floor_005
  Cluster size stats: min=7480, max=7480, ratio=1, no_filter_ratio=2 -> skip filtering
File: monitor_005.ply, points: 7482, clusters(raw/filtered): 1/1
  Avg cluster size: 7480, filter threshold (factor=0.7): 5236
  - raw cluster 0: size=7480
  - kept cluster 0: size=7480
  ✓ saved UOBB: output/floor_0/room_005/results/filtered_clusters/monitor_005/0-7-25_monitor_uobb.ply
  ✓ saved cluster PLY: output/floor_0/room_005/results/filtered_clusters/monitor_005/0-7-25_monitor_cluster.ply
Saved 1/1 filtered clusters to: output/floor_0/room_005/results/filtered_clusters/monitor_005
  Cluster size stats: min=51, max=239419, ratio=4694.49, no_filter_ratio=2 -> apply filtering
File: ceiling_005.ply, points: 1010757, clusters(raw/filtered): 36/9
  Avg cluster size: 28058.5, filter threshold (factor=0.7): 19641
  - raw cluster 0: size=45418
  - raw cluster 1: size=7538
  - raw cluster 2: size=239419
  - raw cluster 3: size=122403
  - raw cluster 4: size=750
  - raw cluster 5: size=121227
  - raw cluster 6: size=120524
  - raw cluster 7: size=92989
  - raw cluster 8: size=108
  - raw cluster 9: size=120113
  - raw cluster 10: size=20970
  - raw cluster 11: size=98238
  - raw cluster 12: size=670
  - raw cluster 13: size=54
  - raw cluster 14: size=2501
  - raw cluster 15: size=201
  - raw cluster 16: size=14243
  - raw cluster 17: size=101
  - raw cluster 18: size=133
  - raw cluster 19: size=62
  - raw cluster 20: size=158
  - raw cluster 21: size=310
  - raw cluster 22: size=51
  - raw cluster 23: size=271
  - raw cluster 24: size=112
  - raw cluster 25: size=279
  - raw cluster 26: size=185
  - raw cluster 27: size=169
  - raw cluster 28: size=53
  - raw cluster 29: size=184
  - raw cluster 30: size=57
  - raw cluster 31: size=75
  - raw cluster 32: size=109
  - raw cluster 33: size=258
  - raw cluster 34: size=117
  - raw cluster 35: size=57
  - kept cluster 0: size=45418
  - kept cluster 1: size=239419
  - kept cluster 2: size=122403
  - kept cluster 3: size=121227
  - kept cluster 4: size=120524
  - kept cluster 5: size=92989
  - kept cluster 6: size=120113
  - kept cluster 7: size=20970
  - kept cluster 8: size=98238
  ✓ saved UOBB: output/floor_0/room_005/results/filtered_clusters/ceiling_005/0-7-26_ceiling_uobb.ply
  ✓ saved cluster PLY: output/floor_0/room_005/results/filtered_clusters/ceiling_005/0-7-26_ceiling_cluster.ply
  ✓ saved UOBB: output/floor_0/room_005/results/filtered_clusters/ceiling_005/0-7-27_ceiling_uobb.ply
  ✓ saved cluster PLY: output/floor_0/room_005/results/filtered_clusters/ceiling_005/0-7-27_ceiling_cluster.ply
  ✓ saved UOBB: output/floor_0/room_005/results/filtered_clusters/ceiling_005/0-7-28_ceiling_uobb.ply
  ✓ saved cluster PLY: output/floor_0/room_005/results/filtered_clusters/ceiling_005/0-7-28_ceiling_cluster.ply
  ✓ saved UOBB: output/floor_0/room_005/results/filtered_clusters/ceiling_005/0-7-29_ceiling_uobb.ply
  ✓ saved cluster PLY: output/floor_0/room_005/results/filtered_clusters/ceiling_005/0-7-29_ceiling_cluster.ply
  ✓ saved UOBB: output/floor_0/room_005/results/filtered_clusters/ceiling_005/0-7-30_ceiling_uobb.ply
  ✓ saved cluster PLY: output/floor_0/room_005/results/filtered_clusters/ceiling_005/0-7-30_ceiling_cluster.ply
  ✓ saved UOBB: output/floor_0/room_005/results/filtered_clusters/ceiling_005/0-7-31_ceiling_uobb.ply
  ✓ saved cluster PLY: output/floor_0/room_005/results/filtered_clusters/ceiling_005/0-7-31_ceiling_cluster.ply
  ✓ saved UOBB: output/floor_0/room_005/results/filtered_clusters/ceiling_005/0-7-32_ceiling_uobb.ply
  ✓ saved cluster PLY: output/floor_0/room_005/results/filtered_clusters/ceiling_005/0-7-32_ceiling_cluster.ply
  ✓ saved UOBB: output/floor_0/room_005/results/filtered_clusters/ceiling_005/0-7-33_ceiling_uobb.ply
  ✓ saved cluster PLY: output/floor_0/room_005/results/filtered_clusters/ceiling_005/0-7-33_ceiling_cluster.ply
  ✓ saved UOBB: output/floor_0/room_005/results/filtered_clusters/ceiling_005/0-7-34_ceiling_uobb.ply
  ✓ saved cluster PLY: output/floor_0/room_005/results/filtered_clusters/ceiling_005/0-7-34_ceiling_cluster.ply
Saved 9/9 filtered clusters to: output/floor_0/room_005/results/filtered_clusters/ceiling_005
  Cluster size stats: min=52, max=195449, ratio=3758.63, no_filter_ratio=2 -> apply filtering
File: door_005.ply, points: 435681, clusters(raw/filtered): 30/5
  Avg cluster size: 14518.6, filter threshold (factor=0.7): 10163
  - raw cluster 0: size=195449
  - raw cluster 1: size=70
  - raw cluster 2: size=11919
  - raw cluster 3: size=1358
  - raw cluster 4: size=3303
  - raw cluster 5: size=60962
  - raw cluster 6: size=50614
  - raw cluster 7: size=123
  - raw cluster 8: size=4051
  - raw cluster 9: size=139
  - raw cluster 10: size=412
  - raw cluster 11: size=7127
  - raw cluster 12: size=262
  - raw cluster 13: size=515
  - raw cluster 14: size=137
  - raw cluster 15: size=52
  - raw cluster 16: size=396
  - raw cluster 17: size=184
  - raw cluster 18: size=787
  - raw cluster 19: size=8789
  - raw cluster 20: size=942
  - raw cluster 21: size=87
  - raw cluster 22: size=54
  - raw cluster 23: size=104
  - raw cluster 24: size=86
  - raw cluster 25: size=72
  - raw cluster 26: size=84523
  - raw cluster 27: size=530
  - raw cluster 28: size=2440
  - raw cluster 29: size=70
  - kept cluster 0: size=195449
  - kept cluster 1: size=11919
  - kept cluster 2: size=60962
  - kept cluster 3: size=50614
  - kept cluster 4: size=84523
  ✓ saved UOBB: output/floor_0/room_005/results/filtered_clusters/door_005/0-7-35_door_uobb.ply
  ✓ saved cluster PLY: output/floor_0/room_005/results/filtered_clusters/door_005/0-7-35_door_cluster.ply
  ✓ saved UOBB: output/floor_0/room_005/results/filtered_clusters/door_005/0-7-36_door_uobb.ply
  ✓ saved cluster PLY: output/floor_0/room_005/results/filtered_clusters/door_005/0-7-36_door_cluster.ply
  ✓ saved UOBB: output/floor_0/room_005/results/filtered_clusters/door_005/0-7-37_door_uobb.ply
  ✓ saved cluster PLY: output/floor_0/room_005/results/filtered_clusters/door_005/0-7-37_door_cluster.ply
  ✓ saved UOBB: output/floor_0/room_005/results/filtered_clusters/door_005/0-7-38_door_uobb.ply
  ✓ saved cluster PLY: output/floor_0/room_005/results/filtered_clusters/door_005/0-7-38_door_cluster.ply
  ✓ saved UOBB: output/floor_0/room_005/results/filtered_clusters/door_005/0-7-39_door_uobb.ply
  ✓ saved cluster PLY: output/floor_0/room_005/results/filtered_clusters/door_005/0-7-39_door_cluster.ply
Saved 5/5 filtered clusters to: output/floor_0/room_005/results/filtered_clusters/door_005
  Cluster size stats: min=83, max=142496, ratio=1716.82, no_filter_ratio=2 -> apply filtering
File: couch_005.ply, points: 213796, clusters(raw/filtered): 7/3
  Avg cluster size: 30532, filter threshold (factor=0.7): 21372.4
  - raw cluster 0: size=142496
  - raw cluster 1: size=32411
  - raw cluster 2: size=31668
  - raw cluster 3: size=6288
  - raw cluster 4: size=476
  - raw cluster 5: size=83
  - raw cluster 6: size=302
  - kept cluster 0: size=142496
  - kept cluster 1: size=32411
  - kept cluster 2: size=31668
  ✓ saved UOBB: output/floor_0/room_005/results/filtered_clusters/couch_005/0-7-40_couch_uobb.ply
  ✓ saved cluster PLY: output/floor_0/room_005/results/filtered_clusters/couch_005/0-7-40_couch_cluster.ply
  ✓ saved UOBB: output/floor_0/room_005/results/filtered_clusters/couch_005/0-7-41_couch_uobb.ply
  ✓ saved cluster PLY: output/floor_0/room_005/results/filtered_clusters/couch_005/0-7-41_couch_cluster.ply
  ✓ saved UOBB: output/floor_0/room_005/results/filtered_clusters/couch_005/0-7-42_couch_uobb.ply
  ✓ saved cluster PLY: output/floor_0/room_005/results/filtered_clusters/couch_005/0-7-42_couch_cluster.ply
Saved 3/3 filtered clusters to: output/floor_0/room_005/results/filtered_clusters/couch_005
  Cluster size stats: min=52, max=221560, ratio=4260.77, no_filter_ratio=2 -> apply filtering
File: window_005.ply, points: 670741, clusters(raw/filtered): 24/5
  Avg cluster size: 27942.4, filter threshold (factor=0.7): 19559.7
  - raw cluster 0: size=217201
  - raw cluster 1: size=20689
  - raw cluster 2: size=221560
  - raw cluster 3: size=558
  - raw cluster 4: size=22289
  - raw cluster 5: size=181616
  - raw cluster 6: size=94
  - raw cluster 7: size=74
  - raw cluster 8: size=81
  - raw cluster 9: size=166
  - raw cluster 10: size=128
  - raw cluster 11: size=181
  - raw cluster 12: size=3239
  - raw cluster 13: size=253
  - raw cluster 14: size=464
  - raw cluster 15: size=70
  - raw cluster 16: size=325
  - raw cluster 17: size=362
  - raw cluster 18: size=180
  - raw cluster 19: size=113
  - raw cluster 20: size=139
  - raw cluster 21: size=52
  - raw cluster 22: size=680
  - raw cluster 23: size=104
  - kept cluster 0: size=217201
  - kept cluster 1: size=20689
  - kept cluster 2: size=221560
  - kept cluster 3: size=22289
  - kept cluster 4: size=181616
  ✓ saved UOBB: output/floor_0/room_005/results/filtered_clusters/window_005/0-7-43_window_uobb.ply
  ✓ saved cluster PLY: output/floor_0/room_005/results/filtered_clusters/window_005/0-7-43_window_cluster.ply
  ✓ saved UOBB: output/floor_0/room_005/results/filtered_clusters/window_005/0-7-44_window_uobb.ply
  ✓ saved cluster PLY: output/floor_0/room_005/results/filtered_clusters/window_005/0-7-44_window_cluster.ply
  ✓ saved UOBB: output/floor_0/room_005/results/filtered_clusters/window_005/0-7-45_window_uobb.ply
  ✓ saved cluster PLY: output/floor_0/room_005/results/filtered_clusters/window_005/0-7-45_window_cluster.ply
  ✓ saved UOBB: output/floor_0/room_005/results/filtered_clusters/window_005/0-7-46_window_uobb.ply
  ✓ saved cluster PLY: output/floor_0/room_005/results/filtered_clusters/window_005/0-7-46_window_cluster.ply
  ✓ saved UOBB: output/floor_0/room_005/results/filtered_clusters/window_005/0-7-47_window_uobb.ply
  ✓ saved cluster PLY: output/floor_0/room_005/results/filtered_clusters/window_005/0-7-47_window_cluster.ply
Saved 5/5 filtered clusters to: output/floor_0/room_005/results/filtered_clusters/window_005
  Cluster size stats: min=55, max=846743, ratio=15395.3, no_filter_ratio=2 -> apply filtering
File: walls_005.ply, points: 1876337, clusters(raw/filtered): 63/9
  Avg cluster size: 29770, filter threshold (factor=0.7): 20839
  - raw cluster 0: size=449048
  - raw cluster 1: size=160485
  - raw cluster 2: size=217
  - raw cluster 3: size=3592
  - raw cluster 4: size=55
  - raw cluster 5: size=7827
  - raw cluster 6: size=82933
  - raw cluster 7: size=3651
  - raw cluster 8: size=71744
  - raw cluster 9: size=30368
  - raw cluster 10: size=38209
  - raw cluster 11: size=597
  - raw cluster 12: size=1117
  - raw cluster 13: size=11777
  - raw cluster 14: size=1384
  - raw cluster 15: size=89
  - raw cluster 16: size=13913
  - raw cluster 17: size=24125
  - raw cluster 18: size=2733
  - raw cluster 19: size=9606
  - raw cluster 20: size=4115
  - raw cluster 21: size=122
  - raw cluster 22: size=7447
  - raw cluster 23: size=622
  - raw cluster 24: size=540
  - raw cluster 25: size=33378
  - raw cluster 26: size=71
  - raw cluster 27: size=74
  - raw cluster 28: size=2146
  - raw cluster 29: size=2302
  - raw cluster 30: size=277
  - raw cluster 31: size=3043
  - raw cluster 32: size=9282
  - raw cluster 33: size=460
  - raw cluster 34: size=11335
  - raw cluster 35: size=1480
  - raw cluster 36: size=4227
  - raw cluster 37: size=6136
  - raw cluster 38: size=111
  - raw cluster 39: size=726
  - raw cluster 40: size=414
  - raw cluster 41: size=1286
  - raw cluster 42: size=1144
  - raw cluster 43: size=109
  - raw cluster 44: size=6135
  - raw cluster 45: size=10797
  - raw cluster 46: size=887
  - raw cluster 47: size=152
  - raw cluster 48: size=137
  - raw cluster 49: size=553
  - raw cluster 50: size=121
  - raw cluster 51: size=628
  - raw cluster 52: size=552
  - raw cluster 53: size=1313
  - raw cluster 54: size=448
  - raw cluster 55: size=60
  - raw cluster 56: size=81
  - raw cluster 57: size=846743
  - raw cluster 58: size=522
  - raw cluster 59: size=1378
  - raw cluster 60: size=120
  - raw cluster 61: size=469
  - raw cluster 62: size=96
  - kept cluster 0: size=449048
  - kept cluster 1: size=160485
  - kept cluster 2: size=82933
  - kept cluster 3: size=71744
  - kept cluster 4: size=30368
  - kept cluster 5: size=38209
  - kept cluster 6: size=24125
  - kept cluster 7: size=33378
  - kept cluster 8: size=846743
  ✓ saved UOBB: output/floor_0/room_005/results/filtered_clusters/walls_005/0-7-48_walls_uobb.ply
  ✓ saved cluster PLY: output/floor_0/room_005/results/filtered_clusters/walls_005/0-7-48_walls_cluster.ply
  ✓ saved UOBB: output/floor_0/room_005/results/filtered_clusters/walls_005/0-7-49_walls_uobb.ply
  ✓ saved cluster PLY: output/floor_0/room_005/results/filtered_clusters/walls_005/0-7-49_walls_cluster.ply
  ✓ saved UOBB: output/floor_0/room_005/results/filtered_clusters/walls_005/0-7-50_walls_uobb.ply
  ✓ saved cluster PLY: output/floor_0/room_005/results/filtered_clusters/walls_005/0-7-50_walls_cluster.ply
  ✓ saved UOBB: output/floor_0/room_005/results/filtered_clusters/walls_005/0-7-51_walls_uobb.ply
  ✓ saved cluster PLY: output/floor_0/room_005/results/filtered_clusters/walls_005/0-7-51_walls_cluster.ply
  ✓ saved UOBB: output/floor_0/room_005/results/filtered_clusters/walls_005/0-7-52_walls_uobb.ply
  ✓ saved cluster PLY: output/floor_0/room_005/results/filtered_clusters/walls_005/0-7-52_walls_cluster.ply
  ✓ saved UOBB: output/floor_0/room_005/results/filtered_clusters/walls_005/0-7-53_walls_uobb.ply
  ✓ saved cluster PLY: output/floor_0/room_005/results/filtered_clusters/walls_005/0-7-53_walls_cluster.ply
  ✓ saved UOBB: output/floor_0/room_005/results/filtered_clusters/walls_005/0-7-54_walls_uobb.ply
  ✓ saved cluster PLY: output/floor_0/room_005/results/filtered_clusters/walls_005/0-7-54_walls_cluster.ply
  ✓ saved UOBB: output/floor_0/room_005/results/filtered_clusters/walls_005/0-7-55_walls_uobb.ply
  ✓ saved cluster PLY: output/floor_0/room_005/results/filtered_clusters/walls_005/0-7-55_walls_cluster.ply
  ✓ saved UOBB: output/floor_0/room_005/results/filtered_clusters/walls_005/0-7-56_walls_uobb.ply
  ✓ saved cluster PLY: output/floor_0/room_005/results/filtered_clusters/walls_005/0-7-56_walls_cluster.ply
Saved 9/9 filtered clusters to: output/floor_0/room_005/results/filtered_clusters/walls_005
  Cluster size stats: min=61, max=77135, ratio=1264.51, no_filter_ratio=2 -> apply filtering
File: curtain_005.ply, points: 230357, clusters(raw/filtered): 7/4
  Avg cluster size: 32887.3, filter threshold (factor=0.7): 23021.1
  - raw cluster 0: size=77135
  - raw cluster 1: size=64757
  - raw cluster 2: size=46306
  - raw cluster 3: size=41718
  - raw cluster 4: size=61
  - raw cluster 5: size=152
  - raw cluster 6: size=82
  - kept cluster 0: size=77135
  - kept cluster 1: size=64757
  - kept cluster 2: size=46306
  - kept cluster 3: size=41718
  ✓ saved UOBB: output/floor_0/room_005/results/filtered_clusters/curtain_005/0-7-57_curtain_uobb.ply
  ✓ saved cluster PLY: output/floor_0/room_005/results/filtered_clusters/curtain_005/0-7-57_curtain_cluster.ply
  ✓ saved UOBB: output/floor_0/room_005/results/filtered_clusters/curtain_005/0-7-58_curtain_uobb.ply
  ✓ saved cluster PLY: output/floor_0/room_005/results/filtered_clusters/curtain_005/0-7-58_curtain_cluster.ply
  ✓ saved UOBB: output/floor_0/room_005/results/filtered_clusters/curtain_005/0-7-59_curtain_uobb.ply
  ✓ saved cluster PLY: output/floor_0/room_005/results/filtered_clusters/curtain_005/0-7-59_curtain_cluster.ply
  ✓ saved UOBB: output/floor_0/room_005/results/filtered_clusters/curtain_005/0-7-60_curtain_uobb.ply
  ✓ saved cluster PLY: output/floor_0/room_005/results/filtered_clusters/curtain_005/0-7-60_curtain_cluster.ply
Saved 4/4 filtered clusters to: output/floor_0/room_005/results/filtered_clusters/curtain_005
